[1m============================= test session starts =============================[0m
platform win32 -- Python 3.9.13, pytest-6.2.4, py-1.10.0, pluggy-0.13.1 -- c:\users\jared\documents\github\bsp_tool\venv\scripts\python.exe
cachedir: .pytest_cache
rootdir: C:\Users\Jared\Documents\GitHub\bsp_tool
plugins: cov-2.12.1
[1mcollecting ... [0mcollected 192 items

tests/test_bsp.py::test_load_bsp[./-tests/maps-map_dirs0] [32mPASSED[0m[32m         [  0%][0m
tests/test_bsp.py::test_load_bsp[C:/Program Files (x86)/Steam/steamapps/sourcemods-gesource-map_dirs1] [32mPASSED[0m[32m [  1%][0m
tests/test_bsp.py::test_load_bsp[C:/Program Files (x86)/Steam/steamapps/sourcemods-half-life 2 riot act-map_dirs2] [32mPASSED[0m[32m [  1%][0m
tests/test_bsp.py::test_load_bsp[C:/Program Files (x86)/Steam/steamapps/sourcemods-TFTS-map_dirs3] [32mPASSED[0m[32m [  2%][0m
tests/test_bsp.py::test_load_bsp[C:/Program Files (x86)/Steam/steamapps/sourcemods-episodeone-map_dirs4] [32mPASSED[0m[32m [  2%][0m
tests/test_bsp.py::test_load_bsp[C:/Program Files (x86)/Steam/steamapps/sourcemods-RunThinkShootLiveVille2-map_dirs5] [32mPASSED[0m[32m [  3%][0m
tests/test_bsp.py::test_load_bsp[C:/Program Files (x86)/Steam/steamapps/sourcemods-cromulentville2-map_dirs6] [32mPASSED[0m[32m [  3%][0m
tests/test_bsp.py::test_load_bsp[C:/Program Files (x86)/Steam/steamapps/sourcemods-companionpiece2-map_dirs7] [32mPASSED[0m[32m [  4%][0m
tests/test_bsp.py::test_load_bsp[C:/Program Files (x86)/Steam/steamapps/sourcemods-eyecandy-map_dirs8] [32mPASSED[0m[32m [  4%][0m
tests/test_bsp.py::test_load_bsp[C:/Program Files (x86)/Steam/steamapps/sourcemods-backontrack-map_dirs9] [32mPASSED[0m[32m [  5%][0m
tests/test_bsp.py::test_load_bsp[C:/Program Files (x86)/Steam/steamapps/sourcemods-tworooms-map_dirs10] [32mPASSED[0m[32m [  5%][0m
tests/test_bsp.py::test_load_bsp[C:/Program Files (x86)/Steam/steamapps/sourcemods-fusionville2-map_dirs11] [32mPASSED[0m[32m [  6%][0m
tests/test_bsp.py::test_load_bsp[C:/Program Files (x86)/Steam/steamapps/sourcemods-tunetwo-map_dirs12] [32mPASSED[0m[32m [  6%][0m
tests/test_bsp.py::test_load_bsp[C:/Program Files (x86)/Steam/steamapps/sourcemods-lvl2-map_dirs13] [32mPASSED[0m[32m [  7%][0m
tests/test_bsp.py::test_load_bsp[C:/Program Files (x86)/Steam/steamapps/sourcemods-thewrapuptwo-map_dirs14] [32mPASSED[0m[32m [  7%][0m
tests/test_bsp.py::test_load_bsp[C:/Program Files (x86)/Steam/steamapps/sourcemods-halloweenhorror4-map_dirs15] [32mPASSED[0m[32m [  8%][0m
tests/test_bsp.py::test_load_bsp[C:/Program Files (x86)/Steam/steamapps/sourcemods-halflifeeternal-map_dirs16] [32mPASSED[0m[32m [  8%][0m
tests/test_bsp.py::test_load_bsp[C:/Program Files (x86)/Steam/steamapps/sourcemods-thelayout-map_dirs17] [32mPASSED[0m[32m [  9%][0m
tests/test_bsp.py::test_load_bsp[D:/SteamLibrary/steamapps/common-Cry of Fear-map_dirs18] [32mPASSED[0m[32m [  9%][0m
tests/test_bsp.py::test_load_bsp[D:/SteamLibrary/steamapps/common-Half-Life/cstrike-map_dirs19] [32mPASSED[0m[32m [ 10%][0m
tests/test_bsp.py::test_load_bsp[D:/SteamLibrary/steamapps/common-Half-Life/czero-map_dirs20] [32mPASSED[0m[32m [ 10%][0m
tests/test_bsp.py::test_load_bsp[D:/SteamLibrary/steamapps/common-Half-Life/czeror-map_dirs21] [32mPASSED[0m[32m [ 11%][0m
tests/test_bsp.py::test_load_bsp[D:/SteamLibrary/steamapps/common-Half-Life/dmc-map_dirs22] [32mPASSED[0m[32m [ 11%][0m
tests/test_bsp.py::test_load_bsp[D:/SteamLibrary/steamapps/common-Half-Life/dod-map_dirs23] [32mPASSED[0m[32m [ 12%][0m
tests/test_bsp.py::test_load_bsp[D:/SteamLibrary/steamapps/common-Half-Life/gearbox-map_dirs24] [32mPASSED[0m[32m [ 13%][0m
tests/test_bsp.py::test_load_bsp[D:/SteamLibrary/steamapps/common-Half-Life/ns-map_dirs25] [32mPASSED[0m[32m [ 13%][0m
tests/test_bsp.py::test_load_bsp[D:/SteamLibrary/steamapps/common-Half-Life/ricochet-map_dirs26] [32mPASSED[0m[32m [ 14%][0m
tests/test_bsp.py::test_load_bsp[D:/SteamLibrary/steamapps/common-Half-Life/tfc-map_dirs27] [32mPASSED[0m[32m [ 14%][0m
tests/test_bsp.py::test_load_bsp[D:/SteamLibrary/steamapps/common-Half-Life/valve-map_dirs28] [32mPASSED[0m[32m [ 15%][0m
tests/test_bsp.py::test_load_bsp[D:/SteamLibrary/steamapps/common-Halfquake Trilogy-map_dirs29] [32mPASSED[0m[32m [ 15%][0m
tests/test_bsp.py::test_load_bsp[D:/SteamLibrary/steamapps/common-Sven Co-op-map_dirs30] [32mPASSED[0m[32m [ 16%][0m
tests/test_bsp.py::test_load_bsp[D:/SteamLibrary/steamapps/common-Alien Swarm-map_dirs31] [32mPASSED[0m[32m [ 16%][0m
tests/test_bsp.py::test_load_bsp[D:/SteamLibrary/steamapps/common-Alien Swarm Reactive Drop-map_dirs32] [32mPASSED[0m[32m [ 17%][0m
tests/test_bsp.py::test_load_bsp[D:/SteamLibrary/steamapps/common-Blade Symphony-map_dirs33] [31mFAILED[0m[31m [ 17%][0m
tests/test_bsp.py::test_load_bsp[D:/SteamLibrary/steamapps/common-Counter-Strike Global Offensive-map_dirs34] [31mFAILED[0m[31m [ 18%][0m
tests/test_bsp.py::test_load_bsp[D:/SteamLibrary/steamapps/common-counter-strike source-map_dirs35] [32mPASSED[0m[31m [ 18%][0m
tests/test_bsp.py::test_load_bsp[D:/SteamLibrary/steamapps/common-day of defeat source-map_dirs36] [32mPASSED[0m[31m [ 19%][0m
tests/test_bsp.py::test_load_bsp[D:/SteamLibrary/steamapps/common-dayofinfamy-map_dirs37] [32mPASSED[0m[31m [ 19%][0m
tests/test_bsp.py::test_load_bsp[D:/SteamLibrary/steamapps/common-Double Action-map_dirs38] [32mPASSED[0m[31m [ 20%][0m
tests/test_bsp.py::test_load_bsp[D:/SteamLibrary/steamapps/common-EYE Divine Cybermancy Demo-map_dirs39] [32mPASSED[0m[31m [ 20%][0m
tests/test_bsp.py::test_load_bsp[D:/SteamLibrary/steamapps/common-Fistful of Frags-map_dirs40] [32mPASSED[0m[31m [ 21%][0m
tests/test_bsp.py::test_load_bsp[D:/SteamLibrary/steamapps/common-Fortress Forever-map_dirs41] [32mPASSED[0m[31m [ 21%][0m
tests/test_bsp.py::test_load_bsp[D:/SteamLibrary/steamapps/common-G String-map_dirs42] [32mPASSED[0m[31m [ 22%][0m
tests/test_bsp.py::test_load_bsp[D:/SteamLibrary/steamapps/common-GarrysMod-map_dirs43] [32mPASSED[0m[31m [ 22%][0m
tests/test_bsp.py::test_load_bsp[D:/SteamLibrary/steamapps/common-Half-Life 1 Source Deathmatch-map_dirs44] [32mPASSED[0m[31m [ 23%][0m
tests/test_bsp.py::test_load_bsp[D:/SteamLibrary/steamapps/common-half-life 2/ep2-map_dirs45] [32mPASSED[0m[31m [ 23%][0m
tests/test_bsp.py::test_load_bsp[D:/SteamLibrary/steamapps/common-half-life 2/episodic-map_dirs46] [32mPASSED[0m[31m [ 24%][0m
tests/test_bsp.py::test_load_bsp[D:/SteamLibrary/steamapps/common-half-life 2/hl1-map_dirs47] [32mPASSED[0m[31m [ 25%][0m
tests/test_bsp.py::test_load_bsp[D:/SteamLibrary/steamapps/common-half-life 2/hl2-map_dirs48] [32mPASSED[0m[31m [ 25%][0m
tests/test_bsp.py::test_load_bsp[D:/SteamLibrary/steamapps/common-half-life 2/lostcoast-map_dirs49] [32mPASSED[0m[31m [ 26%][0m
tests/test_bsp.py::test_load_bsp[D:/SteamLibrary/steamapps/common-half-life 2 deathmatch-map_dirs50] [32mPASSED[0m[31m [ 26%][0m
tests/test_bsp.py::test_load_bsp[D:/SteamLibrary/steamapps/common-Half-Life 2 Update-map_dirs51] [32mPASSED[0m[31m [ 27%][0m
tests/test_bsp.py::test_load_bsp[D:/SteamLibrary/steamapps/common-insurgency2-map_dirs52] [32mPASSED[0m[31m [ 27%][0m
tests/test_bsp.py::test_load_bsp[D:/SteamLibrary/steamapps/common-left 4 dead-map_dirs53] [32mPASSED[0m[31m [ 28%][0m
tests/test_bsp.py::test_load_bsp[D:/SteamLibrary/steamapps/common-Left 4 Dead 2-map_dirs54] [32mPASSED[0m[31m [ 28%][0m
tests/test_bsp.py::test_load_bsp[D:/SteamLibrary/steamapps/common-MINERVA-map_dirs55] [32mPASSED[0m[31m [ 29%][0m
tests/test_bsp.py::test_load_bsp[D:/SteamLibrary/steamapps/common-NEOTOKYO-map_dirs56] [32mPASSED[0m[31m [ 29%][0m
tests/test_bsp.py::test_load_bsp[D:/SteamLibrary/steamapps/common-nmrih-map_dirs57] [32mPASSED[0m[31m [ 30%][0m
tests/test_bsp.py::test_load_bsp[D:/SteamLibrary/steamapps/common-Portal-map_dirs58] [32mPASSED[0m[31m [ 30%][0m
tests/test_bsp.py::test_load_bsp[D:/SteamLibrary/steamapps/common-Portal 2-map_dirs59] [32mPASSED[0m[31m [ 31%][0m
tests/test_bsp.py::test_load_bsp[D:/SteamLibrary/steamapps/common-Portal Reloaded-map_dirs60] [32mPASSED[0m[31m [ 31%][0m
tests/test_bsp.py::test_load_bsp[D:/SteamLibrary/steamapps/common-SourceFilmmaker-map_dirs61] [31mFAILED[0m[31m [ 32%][0m
tests/test_bsp.py::test_load_bsp[D:/SteamLibrary/steamapps/common-Synergy-map_dirs62] [32mPASSED[0m[31m [ 32%][0m
tests/test_bsp.py::test_load_bsp[D:/SteamLibrary/steamapps/common-Team Fortress 2-map_dirs63] [31mFAILED[0m[31m [ 33%][0m
tests/test_bsp.py::test_load_bsp[D:/SteamLibrary/steamapps/common-Transmissions Element 120-map_dirs64] [32mPASSED[0m[31m [ 33%][0m
tests/test_bsp.py::test_load_bsp[D:/SteamLibrary/steamapps/common-Vampire The Masquerade - Bloodlines-map_dirs65] [32mPASSED[0m[31m [ 34%][0m
tests/test_bsp.py::test_load_bsp[E:/Mod-DarkPlaces-map_dirs66] [32mPASSED[0m[31m    [ 34%][0m
tests/test_bsp.py::test_load_bsp[E:/Mod-Quake-map_dirs67] [32mPASSED[0m[31m         [ 35%][0m
tests/test_bsp.py::test_load_bsp[E:/Mod-Quake/rerelease-map_dirs68] [32mPASSED[0m[31m [ 35%][0m
tests/test_bsp.py::test_load_bsp[E:/Mod-Alkaline-map_dirs69] [32mPASSED[0m[31m      [ 36%][0m
tests/test_bsp.py::test_load_bsp[E:/Mod-Quake/rerelease/dopa-map_dirs70] [32mPASSED[0m[31m [ 36%][0m
tests/test_bsp.py::test_load_bsp[E:/Mod-Anachronox-map_dirs71] [32mPASSED[0m[31m    [ 37%][0m
tests/test_bsp.py::test_load_bsp[E:/Mod-Daikatana-map_dirs72] [32mPASSED[0m[31m     [ 38%][0m
tests/test_bsp.py::test_load_bsp[E:/Mod-HereticII-map_dirs73] [32mPASSED[0m[31m     [ 38%][0m
tests/test_bsp.py::test_load_bsp[E:/Mod-Hexen2-map_dirs74] [32mPASSED[0m[31m        [ 39%][0m
tests/test_bsp.py::test_load_bsp[E:/Mod-Nexuiz-map_dirs75] [32mPASSED[0m[31m        [ 39%][0m
tests/test_bsp.py::test_load_bsp[E:/Mod-RTCW-map_dirs76] [32mPASSED[0m[31m          [ 40%][0m
tests/test_bsp.py::test_load_bsp[E:/Mod-SiN-map_dirs77] [32mPASSED[0m[31m           [ 40%][0m
tests/test_bsp.py::test_load_bsp[E:/Mod-SoF-map_dirs78] [32mPASSED[0m[31m           [ 41%][0m
tests/test_bsp.py::test_load_bsp[E:/Mod-SoF2-map_dirs79] [32mPASSED[0m[31m          [ 41%][0m
tests/test_bsp.py::test_load_bsp[E:/Mod-StarTrekEliteForce-map_dirs80] [32mPASSED[0m[31m [ 42%][0m
tests/test_bsp.py::test_load_bsp[E:/Mod-QuakeII-map_dirs81] [32mPASSED[0m[31m       [ 42%][0m
tests/test_bsp.py::test_load_bsp[E:/Mod-QuakeIII-map_dirs82] [32mPASSED[0m[31m      [ 43%][0m
tests/test_bsp.py::test_load_bsp[E:/Mod-Dreamcast/QuakeIII-map_dirs83] [32mPASSED[0m[31m [ 43%][0m
tests/test_bsp.py::test_load_bsp[E:/Mod-QuakeLive-map_dirs84] [32mPASSED[0m[31m     [ 44%][0m
tests/test_bsp.py::test_load_bsp[E:/Mod-WolfET-map_dirs85] [32mPASSED[0m[31m        [ 44%][0m
tests/test_bsp.py::test_load_bsp[E:/Mod-WRATH-map_dirs86] [32mPASSED[0m[31m         [ 45%][0m
tests/test_bsp.py::test_load_bsp[E:/Mod-Xonotic-map_dirs87] [32mPASSED[0m[31m       [ 45%][0m
tests/test_bsp.py::test_load_bsp[E:/Mod-Warsow-map_dirs88] [32mPASSED[0m[31m        [ 46%][0m
tests/test_bsp.py::test_load_bsp[E:/Mod-CoD1-map_dirs89] [32mPASSED[0m[31m          [ 46%][0m
tests/test_bsp.py::test_load_bsp[E:/Mod-CoD2-map_dirs90] [32mPASSED[0m[31m          [ 47%][0m
tests/test_bsp.py::test_load_bsp[E:/Mod-CoD4-map_dirs91] [32mPASSED[0m[31m          [ 47%][0m
tests/test_bsp.py::test_load_bsp[E:/Mod-Nightfire-map_dirs92] [32mPASSED[0m[31m     [ 48%][0m
tests/test_bsp.py::test_load_bsp[E:/Mod-Dreamcast/Paranoia-map_dirs93] [32mPASSED[0m[31m [ 48%][0m
tests/test_bsp.py::test_load_bsp[E:/Mod-BlackMesa-map_dirs94] [31mFAILED[0m[31m     [ 49%][0m
tests/test_bsp.py::test_load_bsp[E:/Mod-CSMalvinas-map_dirs95] [32mPASSED[0m[31m    [ 50%][0m
tests/test_bsp.py::test_load_bsp[E:/Mod-CSO2-map_dirs96] [32mPASSED[0m[31m          [ 50%][0m
tests/test_bsp.py::test_load_bsp[E:/Mod-DarkMessiah/singleplayer-map_dirs97] [32mPASSED[0m[31m [ 51%][0m
tests/test_bsp.py::test_load_bsp[E:/Mod-DarkMessiah/multiplayer-map_dirs98] [32mPASSED[0m[31m [ 51%][0m
tests/test_bsp.py::test_load_bsp[E:/Mod-HL2DM/patbytes-map_dirs99] [32mPASSED[0m[31m [ 52%][0m
tests/test_bsp.py::test_load_bsp[E:/Mod-Infra-map_dirs100] [32mPASSED[0m[31m        [ 52%][0m
tests/test_bsp.py::test_load_bsp[E:/Mod-SiNEpisodes-map_dirs101] [32mPASSED[0m[31m  [ 53%][0m
tests/test_bsp.py::test_load_bsp[E:/Mod-TacticalIntervention-map_dirs102] [32mPASSED[0m[31m [ 53%][0m
tests/test_bsp.py::test_load_bsp[E:/Mod-TeamFortressQuake-map_dirs103] [32mPASSED[0m[31m [ 54%][0m
tests/test_bsp.py::test_load_bsp[E:/Mod-Vindictus-map_dirs104] [31mFAILED[0m[31m    [ 54%][0m
tests/test_bsp.py::test_load_bsp[E:/Mod-Titanfall-map_dirs105] [32mPASSED[0m[31m    [ 55%][0m
tests/test_bsp.py::test_load_bsp[E:/Mod-TitanfallOnline-map_dirs106] [32mPASSED[0m[31m [ 55%][0m
tests/test_bsp.py::test_load_bsp[E:/Mod-Titanfall2-map_dirs107] [32mPASSED[0m[31m   [ 56%][0m
tests/test_bsp.py::test_load_bsp[E:/Mod-ApexLegends-map_dirs108] [32mPASSED[0m[31m  [ 56%][0m
tests/test_bsp.py::test_load_bsp[E:/Mod-ApexLegends/season3-map_dirs109] [32mPASSED[0m[31m [ 57%][0m
tests/test_bsp.py::test_load_bsp[E:/Mod-ApexLegends/season10-map_dirs110] [32mPASSED[0m[31m [ 57%][0m
tests/test_bsp.py::test_load_bsp[E:/Mod-ApexLegends/season11-map_dirs111] [32mPASSED[0m[31m [ 58%][0m
tests/test_bsp.py::test_load_bsp[E:/Mod-ApexLegends/season12-map_dirs112] [32mPASSED[0m[31m [ 58%][0m
tests/test_bsp.py::test_load_bsp[E:/Mod-ApexLegends/season13-map_dirs113] [32mPASSED[0m[31m [ 59%][0m
tests/test_bsp.py::test_load_bsp[E:/Mod-ApexLegends/switch-map_dirs114] [32mPASSED[0m[31m [ 59%][0m
tests/test_bsp.py::test_load_bsp[E:/Mod-FAKK2-map_dirs115] [32mPASSED[0m[31m        [ 60%][0m
tests/test_bsp.py::test_load_bsp[E:/Mod-Alice-map_dirs116] [32mPASSED[0m[31m        [ 60%][0m
tests/test_bsp.py::test_load_bsp[E:/Mod-MoHAA-map_dirs117] [32mPASSED[0m[31m        [ 61%][0m
tests/test_bsp.py::test_load_bsp[E:/Mod-StarTrekEliteForceII-map_dirs118] [32mPASSED[0m[31m [ 61%][0m
tests/test_bsp.py::test_load_bsp[E:/Mod-StarWarsJediKnight-map_dirs119] [32mPASSED[0m[31m [ 62%][0m
tests/test_bsp.py::test_load_bsp[E:/Mod-StarWarsJediKnightII-map_dirs120] [32mPASSED[0m[31m [ 63%][0m
tests/test_bsp.py::test_load_bsp[E:/Mod/PS4-Titanfall2-map_dirs121] [32mPASSED[0m[31m [ 63%][0m
tests/test_bsp.py::test_load_bsp[E:/Mod/PS4-Titanfall2_tech_test-map_dirs122] [32mPASSED[0m[31m [ 64%][0m
tests/test_bsp.py::test_load_bsp[E:/Mod/X360-OrangeBox-map_dirs123] [32mPASSED[0m[31m [ 64%][0m
tests/test_bsp.py::test_load_bsp[E:/Mod/X360-Portal2-map_dirs124] [31mFAILED[0m[31m [ 65%][0m
tests/test_bsplump.py::TestRawBspLump::test_its_raw [32mPASSED[0m[31m               [ 65%][0m
tests/test_bsplump.py::TestRawBspLump::test_list_conversion [32mPASSED[0m[31m       [ 66%][0m
tests/test_bsplump.py::TestRawBspLump::test_indexing [32mPASSED[0m[31m              [ 66%][0m
tests/test_bsplump.py::TestBspLump::test_list_conversion [32mPASSED[0m[31m          [ 67%][0m
tests/test_bsplump.py::TestBspLump::test_indexing [32mPASSED[0m[31m                 [ 67%][0m
tests/test_bsplump.py::TestBspLump::test_del [32mPASSED[0m[31m                      [ 68%][0m
tests/test_bsplump.py::TestBspLump::test_setitem [32mPASSED[0m[31m                  [ 68%][0m
tests/test_bsplump.py::TestBasicBspLump::test_its_basic [32mPASSED[0m[31m           [ 69%][0m
tests/test_bsplump.py::TestBasicBspLump::test_list_conversion [32mPASSED[0m[31m     [ 69%][0m
tests/test_bsplump.py::TestBasicBspLump::test_indexing [32mPASSED[0m[31m            [ 70%][0m
tests/test_d3d_bsp.py::test_no_errors[d3dbsp0] [32mPASSED[0m[31m                    [ 70%][0m
tests/test_d3d_bsp.py::test_no_errors[d3dbsp1] [32mPASSED[0m[31m                    [ 71%][0m
tests/test_d3d_bsp.py::test_no_errors[d3dbsp2] [32mPASSED[0m[31m                    [ 71%][0m
tests/test_d3d_bsp.py::test_no_errors[d3dbsp3] [32mPASSED[0m[31m                    [ 72%][0m
tests/test_d3d_bsp.py::test_entites_loaded[d3dbsp0] [32mPASSED[0m[31m               [ 72%][0m
tests/test_d3d_bsp.py::test_entites_loaded[d3dbsp1] [32mPASSED[0m[31m               [ 73%][0m
tests/test_d3d_bsp.py::test_entites_loaded[d3dbsp2] [32mPASSED[0m[31m               [ 73%][0m
tests/test_d3d_bsp.py::test_entites_loaded[d3dbsp3] [32mPASSED[0m[31m               [ 74%][0m
tests/test_idtech_bsp.py::test_no_errors[bsp0] [32mPASSED[0m[31m                    [ 75%][0m
tests/test_idtech_bsp.py::test_entities_loaded[bsp0] [32mPASSED[0m[31m              [ 75%][0m
tests/test_idtech_bsp.py::test_face_struct[bsp0] [32mPASSED[0m[31m                  [ 76%][0m
tests/test_valve_bsp.py::test_no_errors[bsp0] [32mPASSED[0m[31m                     [ 76%][0m
tests/test_valve_bsp.py::test_no_errors[bsp1] [32mPASSED[0m[31m                     [ 77%][0m
tests/test_valve_bsp.py::test_no_errors[bsp2] [32mPASSED[0m[31m                     [ 77%][0m
tests/test_valve_bsp.py::test_entities_loaded[bsp0] [32mPASSED[0m[31m               [ 78%][0m
tests/test_valve_bsp.py::test_entities_loaded[bsp1] [32mPASSED[0m[31m               [ 78%][0m
tests/test_valve_bsp.py::test_entities_loaded[bsp2] [32mPASSED[0m[31m               [ 79%][0m
tests/branches/test_base.py::TestStruct::test_unpack [32mPASSED[0m[31m              [ 79%][0m
tests/branches/test_base.py::TestStruct::test_pack [32mPASSED[0m[31m                [ 80%][0m
tests/branches/test_base.py::TestMappedArray::test_init [32mPASSED[0m[31m           [ 80%][0m
tests/branches/test_branch_scripts.py::test_basic_branch_script[bsp_tool.branches.id_software.qfusion] [32mPASSED[0m[31m [ 81%][0m
tests/branches/test_branch_scripts.py::test_basic_branch_script[bsp_tool.branches.id_software.quake] [32mPASSED[0m[31m [ 81%][0m
tests/branches/test_branch_scripts.py::test_basic_branch_script[bsp_tool.branches.id_software.quake2] [32mPASSED[0m[31m [ 82%][0m
tests/branches/test_branch_scripts.py::test_basic_branch_script[bsp_tool.branches.id_software.quake3] [32mPASSED[0m[31m [ 82%][0m
tests/branches/test_branch_scripts.py::test_basic_branch_script[bsp_tool.branches.id_software.remake_quake] [32mPASSED[0m[31m [ 83%][0m
tests/branches/test_branch_scripts.py::test_basic_branch_script[bsp_tool.branches.infinity_ward.call_of_duty1] [32mPASSED[0m[31m [ 83%][0m
tests/branches/test_branch_scripts.py::test_basic_branch_script[bsp_tool.branches.infinity_ward.call_of_duty2] [32mPASSED[0m[31m [ 84%][0m
tests/branches/test_branch_scripts.py::test_basic_branch_script[bsp_tool.branches.infinity_ward.modern_warfare] [32mPASSED[0m[31m [ 84%][0m
tests/branches/test_branch_scripts.py::test_basic_branch_script[bsp_tool.branches.ion_storm.daikatana] [32mPASSED[0m[31m [ 85%][0m
tests/branches/test_branch_scripts.py::test_basic_branch_script[bsp_tool.branches.gearbox.blue_shift] [32mPASSED[0m[31m [ 85%][0m
tests/branches/test_branch_scripts.py::test_basic_branch_script[bsp_tool.branches.gearbox.nightfire] [32mPASSED[0m[31m [ 86%][0m
tests/branches/test_branch_scripts.py::test_basic_branch_script[bsp_tool.branches.raven.hexen2] [32mPASSED[0m[31m [ 86%][0m
tests/branches/test_branch_scripts.py::test_basic_branch_script[bsp_tool.branches.raven.soldier_of_fortune] [32mPASSED[0m[31m [ 87%][0m
tests/branches/test_branch_scripts.py::test_basic_branch_script[bsp_tool.branches.raven.soldier_of_fortune2] [32mPASSED[0m[31m [ 88%][0m
tests/branches/test_branch_scripts.py::test_basic_branch_script[bsp_tool.branches.ritual.fakk2] [32mPASSED[0m[31m [ 88%][0m
tests/branches/test_branch_scripts.py::test_basic_branch_script[bsp_tool.branches.ritual.moh_allied_assault] [32mPASSED[0m[31m [ 89%][0m
tests/branches/test_branch_scripts.py::test_basic_branch_script[bsp_tool.branches.ritual.sin] [32mPASSED[0m[31m [ 89%][0m
tests/branches/test_branch_scripts.py::test_basic_branch_script[bsp_tool.branches.ritual.star_trek_elite_force2] [32mPASSED[0m[31m [ 90%][0m
tests/branches/test_branch_scripts.py::test_basic_branch_script[bsp_tool.branches.valve.goldsrc] [32mPASSED[0m[31m [ 90%][0m
tests/branches/test_branch_scripts.py::test_branch_script[bsp_tool.branches.arkane.dark_messiah_mp] [32mPASSED[0m[31m [ 91%][0m
tests/branches/test_branch_scripts.py::test_branch_script[bsp_tool.branches.arkane.dark_messiah_sp] [32mPASSED[0m[31m [ 91%][0m
tests/branches/test_branch_scripts.py::test_branch_script[bsp_tool.branches.nexon.cso2] [32mPASSED[0m[31m [ 92%][0m
tests/branches/test_branch_scripts.py::test_branch_script[bsp_tool.branches.nexon.cso2_2018] [32mPASSED[0m[31m [ 92%][0m
tests/branches/test_branch_scripts.py::test_branch_script[bsp_tool.branches.nexon.vindictus] [32mPASSED[0m[31m [ 93%][0m
tests/branches/test_branch_scripts.py::test_branch_script[bsp_tool.branches.respawn.apex_legends] [32mPASSED[0m[31m [ 93%][0m
tests/branches/test_branch_scripts.py::test_branch_script[bsp_tool.branches.respawn.titanfall] [32mPASSED[0m[31m [ 94%][0m
tests/branches/test_branch_scripts.py::test_branch_script[bsp_tool.branches.respawn.titanfall_x360] [32mPASSED[0m[31m [ 94%][0m
tests/branches/test_branch_scripts.py::test_branch_script[bsp_tool.branches.respawn.titanfall2] [32mPASSED[0m[31m [ 95%][0m
tests/branches/test_branch_scripts.py::test_branch_script[bsp_tool.branches.troika.vampire] [32mPASSED[0m[31m [ 95%][0m
tests/branches/test_branch_scripts.py::test_branch_script[bsp_tool.branches.valve.alien_swarm] [32mPASSED[0m[31m [ 96%][0m
tests/branches/test_branch_scripts.py::test_branch_script[bsp_tool.branches.valve.left4dead] [32mPASSED[0m[31m [ 96%][0m
tests/branches/test_branch_scripts.py::test_branch_script[bsp_tool.branches.valve.left4dead2] [32mPASSED[0m[31m [ 97%][0m
tests/branches/test_branch_scripts.py::test_branch_script[bsp_tool.branches.valve.orange_box] [32mPASSED[0m[31m [ 97%][0m
tests/branches/test_branch_scripts.py::test_branch_script[bsp_tool.branches.valve.orange_box_x360] [32mPASSED[0m[31m [ 98%][0m
tests/branches/test_branch_scripts.py::test_branch_script[bsp_tool.branches.valve.sdk_2013] [32mPASSED[0m[31m [ 98%][0m
tests/branches/test_branch_scripts.py::test_branch_script[bsp_tool.branches.valve.sdk_2013_x360] [32mPASSED[0m[31m [ 99%][0m
tests/branches/test_branch_scripts.py::test_branch_script[bsp_tool.branches.valve.source] [32mPASSED[0m[31m [100%][0m

================================== FAILURES ===================================
[31m[1m__ test_load_bsp[D:/SteamLibrary/steamapps/common-Blade Symphony-map_dirs33] __[0m

group_path = 'D:/SteamLibrary/steamapps/common', game_name = 'Blade Symphony'
map_dirs = ['berimbau/maps']

    [37m@pytest[39;49;00m.mark.parametrize([33m"[39;49;00m[33mgroup_path,game_name,map_dirs[39;49;00m[33m"[39;49;00m, [(*gps, ms) [94mfor[39;49;00m gps, ms [95min[39;49;00m maplist.installed_games.items()])
    [94mdef[39;49;00m [92mtest_load_bsp[39;49;00m(group_path, game_name, map_dirs):
        [33m"""MEGATEST: 69GB+ of .bsp files!"""[39;49;00m
        [90m# TODO: clean up all the edge case conditions elsewhere[39;49;00m
        branch_script = game_scripts.get(game_name)  [90m# forcing branch to test each branch_script[39;49;00m
        [90m# TODO: move branch_script tests to another test and test auto-detect here instead[39;49;00m
        [90m# -- e.g. test_list = [(BspClass, branch_script, ["mapdir", ...]), ...][39;49;00m
        errors = [96mdict[39;49;00m()
        [90m# ^ {"map_dir/map_name.bsp": ["Error"]}[39;49;00m
        types = [96mset[39;49;00m()  [90m# printed on failure to aid in debugging[39;49;00m
        [90m# ^ {(BspClass, branch, version)}[39;49;00m
        total = [94m0[39;49;00m
        [94mfor[39;49;00m map_dir [95min[39;49;00m map_dirs:
            full_path = os.path.join(group_path, game_name, map_dir)
            [94mif[39;49;00m os.path.exists(full_path):
                files = os.listdir(full_path)
                maps = fnmatch.filter(files, [33m"[39;49;00m[33m*[Bb][Ss][Pp][39;49;00m[33m"[39;49;00m)  [90m# .bsp, .BSP & CoD2 .d3dbsp[39;49;00m
                total += [96mlen[39;49;00m(maps)
                [94massert[39;49;00m [96mlen[39;49;00m(maps) != [94m0[39;49;00m, [33mf[39;49;00m[33m"[39;49;00m[33mcouldn[39;49;00m[33m'[39;49;00m[33mt find any maps for [39;49;00m[33m{[39;49;00mgame_name[33m}[39;49;00m[33m in [39;49;00m[33m{[39;49;00mmap_dir[33m}[39;49;00m[33m"[39;49;00m
                [94mfor[39;49;00m m [95min[39;49;00m maps:  [90m# load every .bsp[39;49;00m
                    [94mtry[39;49;00m:
                        bsp_filename = os.path.join(full_path, m)
                        [94mif[39;49;00m os.path.getsize(bsp_filename) == [94m0[39;49;00m:
                            [94mcontinue[39;49;00m  [90m# hl2/maps/d2_coast_02 is 0 bytes, idk why it shipped[39;49;00m
                        [94mif[39;49;00m game_name == [33m"[39;49;00m[33mhalf-life 2/episodic[39;49;00m[33m"[39;49;00m [95mand[39;49;00m m == [33m"[39;49;00m[33mep1_citadel_00_demo.bsp[39;49;00m[33m"[39;49;00m:
                            [94mcontinue[39;49;00m  [90m# broken HL2:EP1 map (game crashes on load)[39;49;00m
                        [94melif[39;49;00m game_name == [33m"[39;49;00m[33mhalf-life 2/hl1[39;49;00m[33m"[39;49;00m [95mand[39;49;00m m [95min[39;49;00m ([33m"[39;49;00m[33mc4a1y.bsp[39;49;00m[33m"[39;49;00m, [33m"[39;49;00m[33mc4a1z.bsp[39;49;00m[33m"[39;49;00m):
                            [94mcontinue[39;49;00m  [90m# broken HL:Source maps (y is v18 and won't run, z is v19 and has broken IO)[39;49;00m
                        bsp = load_bsp(bsp_filename, branch_script)
                        bsp.file.close()  [90m# avoid OSError "Too many open files"[39;49;00m
                        loading_errors = [96mdict[39;49;00m()
                        [94mfor[39;49;00m lump_name, error [95min[39;49;00m bsp.loading_errors.keys():
                            lump_version = [96mgetattr[39;49;00m(bsp.headers[lump_name], [33m"[39;49;00m[33mversion[39;49;00m[33m"[39;49;00m, [94mNone[39;49;00m)
                            [94mif[39;49;00m lump_version [95mis[39;49;00m [95mnot[39;49;00m [94mNone[39;49;00m:
                                loading_errors[[33mf[39;49;00m[33m"[39;49;00m[33m{[39;49;00mlump_name[33m}[39;49;00m[33m v[39;49;00m[33m{[39;49;00mlump_version[33m}[39;49;00m[33m"[39;49;00m] = error
                            [94melse[39;49;00m:
                                loading_errors[lump_name] = error
                        [94mif[39;49;00m [96mhasattr[39;49;00m(bsp, [33m"[39;49;00m[33mGAME_LUMP[39;49;00m[33m"[39;49;00m):
                            [94mif[39;49;00m [95mnot[39;49;00m [96misinstance[39;49;00m(bsp.GAME_LUMP, lumps.RawBspLump):  [90m# skip unmapped game lumps[39;49;00m
                                loading_errors.update({[33mf[39;49;00m[33m"[39;49;00m[33m{[39;49;00mk[33m}[39;49;00m[33m v[39;49;00m[33m{[39;49;00mbsp.GAME_LUMP.headers[k].version[33m}[39;49;00m[33m"[39;49;00m: v
                                                       [94mfor[39;49;00m k, v [95min[39;49;00m bsp.GAME_LUMP.loading_errors.items()})
                        [94mif[39;49;00m [96mhasattr[39;49;00m(bsp, [33m"[39;49;00m[33mexternal[39;49;00m[33m"[39;49;00m):
                            [90m# TODO: actually read external SpecialLumpClasses lumps for a thorough check[39;49;00m
                            [90m# TODO: close any external lump files this opens to avoid OSError[39;49;00m
                            [90m# NOTE: if collecting external lumps for a BspClass w/o versions this will break[39;49;00m
                            loading_errors.update({[33mf[39;49;00m[33m"[39;49;00m[33mexternal.[39;49;00m[33m{[39;49;00mk[33m}[39;49;00m[33m v[39;49;00m[33m{[39;49;00mbsp.external.headers[k].version[33m}[39;49;00m[33m"[39;49;00m: v
                                                   [94mfor[39;49;00m k, v [95min[39;49;00m bsp.external.loading_errors.items()})
                            [94mif[39;49;00m [96mhasattr[39;49;00m(bsp.external, [33m"[39;49;00m[33mGAME_LUMP[39;49;00m[33m"[39;49;00m):
                                [94mif[39;49;00m [95mnot[39;49;00m [96misinstance[39;49;00m(bsp.external.GAME_LUMP, lumps.RawBspLump):  [90m# skip unmapped game lumps[39;49;00m
                                    loading_errors.update({[33mf[39;49;00m[33m"[39;49;00m[33mexternal.GAME_LUMP.[39;49;00m[33m{[39;49;00mk[33m}[39;49;00m[33m v[39;49;00m[33m{[39;49;00mbsp.external.GAME_LUMP.headers[k].version[33m}[39;49;00m[33m"[39;49;00m: v  [90m# noqa E501[39;49;00m
                                                           [94mfor[39;49;00m k, v [95min[39;49;00m bsp.external.GAME_LUMP.loading_errors.items()})
                        [94massert[39;49;00m [96mlen[39;49;00m(loading_errors) == [94m0[39;49;00m, [33m"[39;49;00m[33m, [39;49;00m[33m"[39;49;00m.join(loading_errors.keys())
                    [94mexcept[39;49;00m [96mNotImplementedError[39;49;00m [94mas[39;49;00m nie:
                        [90m# "DarkPlaces/maps/b_*.bsp" files are Quake .mdl with the .bsp extension[39;49;00m
                        [90m# https://www.gamers.org/dEngine/quake/spec/quake-spec32.html#CMDLF[39;49;00m
                        [90m# Quake stores pickup models as .bsp and renders them in a nested fashion[39;49;00m
                        [90m# so this is probably fine in Quake, but they still aren't .bsp files[39;49;00m
                        [94mif[39;49;00m [95mnot[39;49;00m (game_name == [33m"[39;49;00m[33mDarkPlaces[39;49;00m[33m"[39;49;00m [95mand[39;49;00m nie.args == ([33m"[39;49;00m[33mUnknown file_magic: b[39;49;00m[33m'[39;49;00m[33mIDPO[39;49;00m[33m'[39;49;00m[33m"[39;49;00m,)):
                            errors[[33mf[39;49;00m[33m"[39;49;00m[33m{[39;49;00mmap_dir[33m}[39;49;00m[33m/[39;49;00m[33m{[39;49;00mm[33m}[39;49;00m[33m"[39;49;00m] = nie
                    [94mexcept[39;49;00m [96mAssertionError[39;49;00m [94mas[39;49;00m ae:  [90m# should catch the `assert len(loading_errors) == ...` above[39;49;00m
                        errors[[33mf[39;49;00m[33m"[39;49;00m[33m{[39;49;00mmap_dir[33m}[39;49;00m[33m/[39;49;00m[33m{[39;49;00mm[33m}[39;49;00m[33m"[39;49;00m] = ae
                        types.add((bsp.[91m__class__[39;49;00m.[91m__name__[39;49;00m, bsp.branch.[91m__name__[39;49;00m, bsp.bsp_version))
                        [94mdel[39;49;00m bsp
>       [94massert[39;49;00m errors == [96mdict[39;49;00m(), [33m"[39;49;00m[33m\n[39;49;00m[33m"[39;49;00m.join([[33mf[39;49;00m[33m"[39;49;00m[33m{[39;49;00m[96mlen[39;49;00m(errors)[33m}[39;49;00m[33m out of [39;49;00m[33m{[39;49;00mtotal[33m}[39;49;00m[33m .bsps failed[39;49;00m[33m"[39;49;00m,
                                            *[96mmap[39;49;00m([96mstr[39;49;00m, types),  [90m# BspClass, branch_script, bsp_version[39;49;00m
                                            *{ln [94mfor[39;49;00m ae [95min[39;49;00m errors.values() [94mfor[39;49;00m ln [95min[39;49;00m ae.args[[94m0[39;49;00m].split([33m"[39;49;00m[33m\n[39;49;00m[33m"[39;49;00m)[[94m0[39;49;00m].split([33m"[39;49;00m[33m, [39;49;00m[33m"[39;49;00m)}])
[1m[31mE       AssertionError: 8 out of 21 .bsps failed[0m
[1m[31mE         ('ValveBsp', 'bsp_tool.branches.valve.sdk_2013', 21)[0m
[1m[31mE         sprp v11[0m
[1m[31mE       assert {'berimbau/maps/cp_docks.bsp': AssertionError('sprp v11\nassert 1 == 0\n  +1\n  -0'),\n 'berimbau/maps/duel_castle.bsp': AssertionError('sprp v11\nassert 1 == 0\n  +1\n  -0'),\n 'berimbau/maps/duel_monastery.bsp': AssertionError('sprp v11\nassert 1 == 0\n  +1\n  -0'),\n 'berimbau/maps/duel_practice_box.bsp': AssertionError('sprp v11\nassert 1 == 0\n  +1\n  -0'),\n 'berimbau/maps/ffa_community.bsp': AssertionError('sprp v11\nassert 1 == 0\n  +1\n  -0'),\n 'berimbau/maps/free_district.bsp': AssertionError('sprp v11\nassert 1 == 0\n  +1\n  -0'),\n 'berimbau/maps/free_docks.bsp': AssertionError('sprp v11\nassert 1 == 0\n  +1\n  -0'),\n 'berimbau/maps/free_monastery.bsp': AssertionError('sprp v11\nassert 1 == 0\n  +1\n  -0')} == {}[0m
[1m[31mE         Left contains 8 more items:[0m
[1m[31mE         {'berimbau/maps/cp_docks.bsp': AssertionError('sprp v11\nassert 1 == 0\n  +1\n  -0'),[0m
[1m[31mE          'berimbau/maps/duel_castle.bsp': AssertionError('sprp v11\nassert 1 == 0\n  +1\n  -0'),[0m
[1m[31mE          'berimbau/maps/duel_monastery.bsp': AssertionError('sprp v11\nassert 1 == 0\n  +1\n  -0'),[0m
[1m[31mE          'berimbau/maps/duel_practice_box.bsp': AssertionError('sprp v11\nassert 1 == 0\n  +1\n  -0'),[0m
[1m[31mE          'berimbau/maps/ffa_community.bsp': AssertionError('sprp v11\nassert 1 == 0\n  +1\n  -0'),[0m
[1m[31mE          'berimbau/maps/free_district.bsp': AssertionError('sprp v11\nassert 1 == 0\n  +1\n  -0'),[0m
[1m[31mE          'berimbau/maps/free_docks.bsp': AssertionError('sprp v11\nassert 1 == 0\n  +1\n  -0'),[0m
[1m[31mE          'berimbau/maps/free_monastery.bsp': AssertionError('sprp v11\nassert 1 == 0\n  +1\n  -0')}[0m
[1m[31mE         Full diff:[0m
[1m[31mE           {[0m
[1m[31mE         -  ,[0m
[1m[31mE         +  'berimbau/maps/cp_docks.bsp': AssertionError('sprp v11\nassert 1 == 0\n  +1\n  -0'),[0m
[1m[31mE         +  'berimbau/maps/duel_castle.bsp': AssertionError('sprp v11\nassert 1 == 0\n  +1\n  -0'),[0m
[1m[31mE         +  'berimbau/maps/duel_monastery.bsp': AssertionError('sprp v11\nassert 1 == 0\n  +1\n  -0'),[0m
[1m[31mE         +  'berimbau/maps/duel_practice_box.bsp': AssertionError('sprp v11\nassert 1 == 0\n  +1\n  -0'),[0m
[1m[31mE         +  'berimbau/maps/ffa_community.bsp': AssertionError('sprp v11\nassert 1 == 0\n  +1\n  -0'),[0m
[1m[31mE         +  'berimbau/maps/free_district.bsp': AssertionError('sprp v11\nassert 1 == 0\n  +1\n  -0'),[0m
[1m[31mE         +  'berimbau/maps/free_docks.bsp': AssertionError('sprp v11\nassert 1 == 0\n  +1\n  -0'),[0m
[1m[31mE         +  'berimbau/maps/free_monastery.bsp': AssertionError('sprp v11\nassert 1 == 0\n  +1\n  -0'),[0m
[1m[31mE           }[0m

[1m[31mtests\test_bsp.py[0m:100: AssertionError
[31m[1m_ test_load_bsp[D:/SteamLibrary/steamapps/common-Counter-Strike Global Offensive-map_dirs34] _[0m

group_path = 'D:/SteamLibrary/steamapps/common'
game_name = 'Counter-Strike Global Offensive', map_dirs = ['csgo/maps']

    [37m@pytest[39;49;00m.mark.parametrize([33m"[39;49;00m[33mgroup_path,game_name,map_dirs[39;49;00m[33m"[39;49;00m, [(*gps, ms) [94mfor[39;49;00m gps, ms [95min[39;49;00m maplist.installed_games.items()])
    [94mdef[39;49;00m [92mtest_load_bsp[39;49;00m(group_path, game_name, map_dirs):
        [33m"""MEGATEST: 69GB+ of .bsp files!"""[39;49;00m
        [90m# TODO: clean up all the edge case conditions elsewhere[39;49;00m
        branch_script = game_scripts.get(game_name)  [90m# forcing branch to test each branch_script[39;49;00m
        [90m# TODO: move branch_script tests to another test and test auto-detect here instead[39;49;00m
        [90m# -- e.g. test_list = [(BspClass, branch_script, ["mapdir", ...]), ...][39;49;00m
        errors = [96mdict[39;49;00m()
        [90m# ^ {"map_dir/map_name.bsp": ["Error"]}[39;49;00m
        types = [96mset[39;49;00m()  [90m# printed on failure to aid in debugging[39;49;00m
        [90m# ^ {(BspClass, branch, version)}[39;49;00m
        total = [94m0[39;49;00m
        [94mfor[39;49;00m map_dir [95min[39;49;00m map_dirs:
            full_path = os.path.join(group_path, game_name, map_dir)
            [94mif[39;49;00m os.path.exists(full_path):
                files = os.listdir(full_path)
                maps = fnmatch.filter(files, [33m"[39;49;00m[33m*[Bb][Ss][Pp][39;49;00m[33m"[39;49;00m)  [90m# .bsp, .BSP & CoD2 .d3dbsp[39;49;00m
                total += [96mlen[39;49;00m(maps)
                [94massert[39;49;00m [96mlen[39;49;00m(maps) != [94m0[39;49;00m, [33mf[39;49;00m[33m"[39;49;00m[33mcouldn[39;49;00m[33m'[39;49;00m[33mt find any maps for [39;49;00m[33m{[39;49;00mgame_name[33m}[39;49;00m[33m in [39;49;00m[33m{[39;49;00mmap_dir[33m}[39;49;00m[33m"[39;49;00m
                [94mfor[39;49;00m m [95min[39;49;00m maps:  [90m# load every .bsp[39;49;00m
                    [94mtry[39;49;00m:
                        bsp_filename = os.path.join(full_path, m)
                        [94mif[39;49;00m os.path.getsize(bsp_filename) == [94m0[39;49;00m:
                            [94mcontinue[39;49;00m  [90m# hl2/maps/d2_coast_02 is 0 bytes, idk why it shipped[39;49;00m
                        [94mif[39;49;00m game_name == [33m"[39;49;00m[33mhalf-life 2/episodic[39;49;00m[33m"[39;49;00m [95mand[39;49;00m m == [33m"[39;49;00m[33mep1_citadel_00_demo.bsp[39;49;00m[33m"[39;49;00m:
                            [94mcontinue[39;49;00m  [90m# broken HL2:EP1 map (game crashes on load)[39;49;00m
                        [94melif[39;49;00m game_name == [33m"[39;49;00m[33mhalf-life 2/hl1[39;49;00m[33m"[39;49;00m [95mand[39;49;00m m [95min[39;49;00m ([33m"[39;49;00m[33mc4a1y.bsp[39;49;00m[33m"[39;49;00m, [33m"[39;49;00m[33mc4a1z.bsp[39;49;00m[33m"[39;49;00m):
                            [94mcontinue[39;49;00m  [90m# broken HL:Source maps (y is v18 and won't run, z is v19 and has broken IO)[39;49;00m
                        bsp = load_bsp(bsp_filename, branch_script)
                        bsp.file.close()  [90m# avoid OSError "Too many open files"[39;49;00m
                        loading_errors = [96mdict[39;49;00m()
                        [94mfor[39;49;00m lump_name, error [95min[39;49;00m bsp.loading_errors.keys():
                            lump_version = [96mgetattr[39;49;00m(bsp.headers[lump_name], [33m"[39;49;00m[33mversion[39;49;00m[33m"[39;49;00m, [94mNone[39;49;00m)
                            [94mif[39;49;00m lump_version [95mis[39;49;00m [95mnot[39;49;00m [94mNone[39;49;00m:
                                loading_errors[[33mf[39;49;00m[33m"[39;49;00m[33m{[39;49;00mlump_name[33m}[39;49;00m[33m v[39;49;00m[33m{[39;49;00mlump_version[33m}[39;49;00m[33m"[39;49;00m] = error
                            [94melse[39;49;00m:
                                loading_errors[lump_name] = error
                        [94mif[39;49;00m [96mhasattr[39;49;00m(bsp, [33m"[39;49;00m[33mGAME_LUMP[39;49;00m[33m"[39;49;00m):
                            [94mif[39;49;00m [95mnot[39;49;00m [96misinstance[39;49;00m(bsp.GAME_LUMP, lumps.RawBspLump):  [90m# skip unmapped game lumps[39;49;00m
                                loading_errors.update({[33mf[39;49;00m[33m"[39;49;00m[33m{[39;49;00mk[33m}[39;49;00m[33m v[39;49;00m[33m{[39;49;00mbsp.GAME_LUMP.headers[k].version[33m}[39;49;00m[33m"[39;49;00m: v
                                                       [94mfor[39;49;00m k, v [95min[39;49;00m bsp.GAME_LUMP.loading_errors.items()})
                        [94mif[39;49;00m [96mhasattr[39;49;00m(bsp, [33m"[39;49;00m[33mexternal[39;49;00m[33m"[39;49;00m):
                            [90m# TODO: actually read external SpecialLumpClasses lumps for a thorough check[39;49;00m
                            [90m# TODO: close any external lump files this opens to avoid OSError[39;49;00m
                            [90m# NOTE: if collecting external lumps for a BspClass w/o versions this will break[39;49;00m
                            loading_errors.update({[33mf[39;49;00m[33m"[39;49;00m[33mexternal.[39;49;00m[33m{[39;49;00mk[33m}[39;49;00m[33m v[39;49;00m[33m{[39;49;00mbsp.external.headers[k].version[33m}[39;49;00m[33m"[39;49;00m: v
                                                   [94mfor[39;49;00m k, v [95min[39;49;00m bsp.external.loading_errors.items()})
                            [94mif[39;49;00m [96mhasattr[39;49;00m(bsp.external, [33m"[39;49;00m[33mGAME_LUMP[39;49;00m[33m"[39;49;00m):
                                [94mif[39;49;00m [95mnot[39;49;00m [96misinstance[39;49;00m(bsp.external.GAME_LUMP, lumps.RawBspLump):  [90m# skip unmapped game lumps[39;49;00m
                                    loading_errors.update({[33mf[39;49;00m[33m"[39;49;00m[33mexternal.GAME_LUMP.[39;49;00m[33m{[39;49;00mk[33m}[39;49;00m[33m v[39;49;00m[33m{[39;49;00mbsp.external.GAME_LUMP.headers[k].version[33m}[39;49;00m[33m"[39;49;00m: v  [90m# noqa E501[39;49;00m
                                                           [94mfor[39;49;00m k, v [95min[39;49;00m bsp.external.GAME_LUMP.loading_errors.items()})
                        [94massert[39;49;00m [96mlen[39;49;00m(loading_errors) == [94m0[39;49;00m, [33m"[39;49;00m[33m, [39;49;00m[33m"[39;49;00m.join(loading_errors.keys())
                    [94mexcept[39;49;00m [96mNotImplementedError[39;49;00m [94mas[39;49;00m nie:
                        [90m# "DarkPlaces/maps/b_*.bsp" files are Quake .mdl with the .bsp extension[39;49;00m
                        [90m# https://www.gamers.org/dEngine/quake/spec/quake-spec32.html#CMDLF[39;49;00m
                        [90m# Quake stores pickup models as .bsp and renders them in a nested fashion[39;49;00m
                        [90m# so this is probably fine in Quake, but they still aren't .bsp files[39;49;00m
                        [94mif[39;49;00m [95mnot[39;49;00m (game_name == [33m"[39;49;00m[33mDarkPlaces[39;49;00m[33m"[39;49;00m [95mand[39;49;00m nie.args == ([33m"[39;49;00m[33mUnknown file_magic: b[39;49;00m[33m'[39;49;00m[33mIDPO[39;49;00m[33m'[39;49;00m[33m"[39;49;00m,)):
                            errors[[33mf[39;49;00m[33m"[39;49;00m[33m{[39;49;00mmap_dir[33m}[39;49;00m[33m/[39;49;00m[33m{[39;49;00mm[33m}[39;49;00m[33m"[39;49;00m] = nie
                    [94mexcept[39;49;00m [96mAssertionError[39;49;00m [94mas[39;49;00m ae:  [90m# should catch the `assert len(loading_errors) == ...` above[39;49;00m
                        errors[[33mf[39;49;00m[33m"[39;49;00m[33m{[39;49;00mmap_dir[33m}[39;49;00m[33m/[39;49;00m[33m{[39;49;00mm[33m}[39;49;00m[33m"[39;49;00m] = ae
                        types.add((bsp.[91m__class__[39;49;00m.[91m__name__[39;49;00m, bsp.branch.[91m__name__[39;49;00m, bsp.bsp_version))
                        [94mdel[39;49;00m bsp
>       [94massert[39;49;00m errors == [96mdict[39;49;00m(), [33m"[39;49;00m[33m\n[39;49;00m[33m"[39;49;00m.join([[33mf[39;49;00m[33m"[39;49;00m[33m{[39;49;00m[96mlen[39;49;00m(errors)[33m}[39;49;00m[33m out of [39;49;00m[33m{[39;49;00mtotal[33m}[39;49;00m[33m .bsps failed[39;49;00m[33m"[39;49;00m,
                                            *[96mmap[39;49;00m([96mstr[39;49;00m, types),  [90m# BspClass, branch_script, bsp_version[39;49;00m
                                            *{ln [94mfor[39;49;00m ae [95min[39;49;00m errors.values() [94mfor[39;49;00m ln [95min[39;49;00m ae.args[[94m0[39;49;00m].split([33m"[39;49;00m[33m\n[39;49;00m[33m"[39;49;00m)[[94m0[39;49;00m].split([33m"[39;49;00m[33m, [39;49;00m[33m"[39;49;00m)}])
[1m[31mE       AssertionError: 29 out of 41 .bsps failed[0m
[1m[31mE         ('ValveBsp', 'bsp_tool.branches.valve.sdk_2013', 21)[0m
[1m[31mE         sprp v11[0m
[1m[31mE       assert {'csgo/maps/ar_lunacy.bsp': AssertionError('sprp v11\nassert 1 == 0\n  +1\n  -0'),\n 'csgo/maps/ar_shoots.bsp': AssertionError('sprp v11\nassert 1 == 0\n  +1\n  -0'),\n 'csgo/maps/cs_climb.bsp': AssertionError('sprp v11\nassert 1 == 0\n  +1\n  -0'),\n 'csgo/maps/cs_italy.bsp': AssertionError('sprp v11\nassert 1 == 0\n  +1\n  -0'),\n 'csgo/maps/cs_militia.bsp': AssertionError('sprp v11\nassert 1 == 0\n  +1\n  -0'),\n 'csgo/maps/cs_office.bsp': AssertionError('sprp v11\nassert 1 == 0\n  +1\n  -0'),\n 'csgo/maps/de_ancient.bsp': AssertionError('sprp v11\nassert 1 == 0\n  +1\n  -0'),\n 'csgo/maps/de_bank.bsp': AssertionError('sprp v11\nassert 1 == 0\n  +1\n  -0'),\n 'csgo/maps/de_cache.bsp': AssertionError('sprp v11\nassert 1 == 0\n  +1\n  -0'),\n 'csgo/maps/de_canals.bsp': AssertionError('sprp v11\nassert 1 == 0\n  +1\n  -0'),\n 'csgo/maps/de_cbble.bsp': AssertionError('sprp v11\nassert 1 == 0\n  +1\n  -0'),\n 'csgo/maps/de_crete.bsp': AssertionError('sprp v11\nassert 1 == 0\n  +1\n  -0'),\n 'csgo/maps/de_dust2.bsp': AssertionError('sprp v11\nassert 1 == 0\n  +1\n  -0'),\n 'csgo/maps/de_hive.bsp': AssertionError('sprp v11\nassert 1 == 0\n  +1\n  -0'),\n 'csgo/maps/de_inferno.bsp': AssertionError('sprp v11\nassert 1 == 0\n  +1\n  -0'),\n 'csgo/maps/de_iris.bsp': AssertionError('sprp v11\nassert 1 == 0\n  +1\n  -0'),\n 'csgo/maps/de_mirage.bsp': AssertionError('sprp v11\nassert 1 == 0\n  +1\n  -0'),\n 'csgo/maps/de_nuke.bsp': AssertionError('sprp v11\nassert 1 == 0\n  +1\n  -0'),\n 'csgo/maps/de_overpass.bsp': AssertionError('sprp v11\nassert 1 == 0\n  +1\n  -0'),\n 'csgo/maps/de_shortnuke.bsp': AssertionError('sprp v11\nassert 1 == 0\n  +1\n  -0'),\n 'csgo/maps/de_train.bsp': AssertionError('sprp v11\nassert 1 == 0\n  +1\n  -0'),\n 'csgo/maps/de_vertigo.bsp': AssertionError('sprp v11\nassert 1 == 0\n  +1\n  -0'),\n 'csgo/maps/dz_blacksite.bsp': AssertionError('sprp v11\nassert 1 == 0\n  +1\n  -0'),\n 'csgo/maps/dz_ember.bsp': AssertionError('sprp v11\nassert 1 == 0\n  +1\n  -0'),\n 'csgo/maps/dz_sirocco.bsp': AssertionError('sprp v11\nassert 1 == 0\n  +1\n  -0'),\n 'csgo/maps/dz_vineyard.bsp': AssertionError('sprp v11\nassert 1 == 0\n  +1\n  -0'),\n 'csgo/maps/gd_cbble.bsp': AssertionError('sprp v11\nassert 1 == 0\n  +1\n  -0'),\n 'csgo/maps/lobby_mapveto.bsp': AssertionError('sprp v11\nassert 1 == 0\n  +1\n  -0'),\n 'csgo/maps/training1.bsp': AssertionError('sprp v11\nassert 1 == 0\n  +1\n  -0')} == {}[0m
[1m[31mE         Left contains 29 more items:[0m
[1m[31mE         {'csgo/maps/ar_lunacy.bsp': AssertionError('sprp v11\nassert 1 == 0\n  +1\n  -0'),[0m
[1m[31mE          'csgo/maps/ar_shoots.bsp': AssertionError('sprp v11\nassert 1 == 0\n  +1\n  -0'),[0m
[1m[31mE          'csgo/maps/cs_climb.bsp': AssertionError('sprp v11\nassert 1 == 0\n  +1\n  -0'),[0m
[1m[31mE          'csgo/maps/cs_italy.bsp': AssertionError('sprp v11\nassert 1 == 0\n  +1\n  -0'),[0m
[1m[31mE          'csgo/maps/cs_militia.bsp': AssertionError('sprp v11\nassert 1 == 0\n  +1\n  -0'),[0m
[1m[31mE          'csgo/maps/cs_office.bsp': AssertionError('sprp v11\nassert 1 == 0\n  +1\n  -0'),[0m
[1m[31mE          'csgo/maps/de_ancient.bsp': AssertionError('sprp v11\nassert 1 == 0\n  +1\n  -0'),[0m
[1m[31mE          'csgo/maps/de_bank.bsp': AssertionError('sprp v11\nassert 1 == 0\n  +1\n  -0'),[0m
[1m[31mE          'csgo/maps/de_cache.bsp': AssertionError('sprp v11\nassert 1 == 0\n  +1\n  -0'),[0m
[1m[31mE          'csgo/maps/de_canals.bsp': AssertionError('sprp v11\nassert 1 == 0\n  +1\n  -0'),[0m
[1m[31mE          'csgo/maps/de_cbble.bsp': AssertionError('sprp v11\nassert 1 == 0\n  +1\n  -0'),[0m
[1m[31mE          'csgo/maps/de_crete.bsp': AssertionError('sprp v11\nassert 1 == 0\n  +1\n  -0'),[0m
[1m[31mE          'csgo/maps/de_dust2.bsp': AssertionError('sprp v11\nassert 1 == 0\n  +1\n  -0'),[0m
[1m[31mE          'csgo/maps/de_hive.bsp': AssertionError('sprp v11\nassert 1 == 0\n  +1\n  -0'),[0m
[1m[31mE          'csgo/maps/de_inferno.bsp': AssertionError('sprp v11\nassert 1 == 0\n  +1\n  -0'),[0m
[1m[31mE          'csgo/maps/de_iris.bsp': AssertionError('sprp v11\nassert 1 == 0\n  +1\n  -0'),[0m
[1m[31mE          'csgo/maps/de_mirage.bsp': AssertionError('sprp v11\nassert 1 == 0\n  +1\n  -0'),[0m
[1m[31mE          'csgo/maps/de_nuke.bsp': AssertionError('sprp v11\nassert 1 == 0\n  +1\n  -0'),[0m
[1m[31mE          'csgo/maps/de_overpass.bsp': AssertionError('sprp v11\nassert 1 == 0\n  +1\n  -0'),[0m
[1m[31mE          'csgo/maps/de_shortnuke.bsp': AssertionError('sprp v11\nassert 1 == 0\n  +1\n  -0'),[0m
[1m[31mE          'csgo/maps/de_train.bsp': AssertionError('sprp v11\nassert 1 == 0\n  +1\n  -0'),[0m
[1m[31mE          'csgo/maps/de_vertigo.bsp': AssertionError('sprp v11\nassert 1 == 0\n  +1\n  -0'),[0m
[1m[31mE          'csgo/maps/dz_blacksite.bsp': AssertionError('sprp v11\nassert 1 == 0\n  +1\n  -0'),[0m
[1m[31mE          'csgo/maps/dz_ember.bsp': AssertionError('sprp v11\nassert 1 == 0\n  +1\n  -0'),[0m
[1m[31mE          'csgo/maps/dz_sirocco.bsp': AssertionError('sprp v11\nassert 1 == 0\n  +1\n  -0'),[0m
[1m[31mE          'csgo/maps/dz_vineyard.bsp': AssertionError('sprp v11\nassert 1 == 0\n  +1\n  -0'),[0m
[1m[31mE          'csgo/maps/gd_cbble.bsp': AssertionError('sprp v11\nassert 1 == 0\n  +1\n  -0'),[0m
[1m[31mE          'csgo/maps/lobby_mapveto.bsp': AssertionError('sprp v11\nassert 1 == 0\n  +1\n  -0'),[0m
[1m[31mE          'csgo/maps/training1.bsp': AssertionError('sprp v11\nassert 1 == 0\n  +1\n  -0')}[0m
[1m[31mE         Full diff:[0m
[1m[31mE           {[0m
[1m[31mE         -  ,[0m
[1m[31mE         +  'csgo/maps/ar_lunacy.bsp': AssertionError('sprp v11\nassert 1 == 0\n  +1\n  -0'),[0m
[1m[31mE         +  'csgo/maps/ar_shoots.bsp': AssertionError('sprp v11\nassert 1 == 0\n  +1\n  -0'),[0m
[1m[31mE         +  'csgo/maps/cs_climb.bsp': AssertionError('sprp v11\nassert 1 == 0\n  +1\n  -0'),[0m
[1m[31mE         +  'csgo/maps/cs_italy.bsp': AssertionError('sprp v11\nassert 1 == 0\n  +1\n  -0'),[0m
[1m[31mE         +  'csgo/maps/cs_militia.bsp': AssertionError('sprp v11\nassert 1 == 0\n  +1\n  -0'),[0m
[1m[31mE         +  'csgo/maps/cs_office.bsp': AssertionError('sprp v11\nassert 1 == 0\n  +1\n  -0'),[0m
[1m[31mE         +  'csgo/maps/de_ancient.bsp': AssertionError('sprp v11\nassert 1 == 0\n  +1\n  -0'),[0m
[1m[31mE         +  'csgo/maps/de_bank.bsp': AssertionError('sprp v11\nassert 1 == 0\n  +1\n  -0'),[0m
[1m[31mE         +  'csgo/maps/de_cache.bsp': AssertionError('sprp v11\nassert 1 == 0\n  +1\n  -0'),[0m
[1m[31mE         +  'csgo/maps/de_canals.bsp': AssertionError('sprp v11\nassert 1 == 0\n  +1\n  -0'),[0m
[1m[31mE         +  'csgo/maps/de_cbble.bsp': AssertionError('sprp v11\nassert 1 == 0\n  +1\n  -0'),[0m
[1m[31mE         +  'csgo/maps/de_crete.bsp': AssertionError('sprp v11\nassert 1 == 0\n  +1\n  -0'),[0m
[1m[31mE         +  'csgo/maps/de_dust2.bsp': AssertionError('sprp v11\nassert 1 == 0\n  +1\n  -0'),[0m
[1m[31mE         +  'csgo/maps/de_hive.bsp': AssertionError('sprp v11\nassert 1 == 0\n  +1\n  -0'),[0m
[1m[31mE         +  'csgo/maps/de_inferno.bsp': AssertionError('sprp v11\nassert 1 == 0\n  +1\n  -0'),[0m
[1m[31mE         +  'csgo/maps/de_iris.bsp': AssertionError('sprp v11\nassert 1 == 0\n  +1\n  -0'),[0m
[1m[31mE         +  'csgo/maps/de_mirage.bsp': AssertionError('sprp v11\nassert 1 == 0\n  +1\n  -0'),[0m
[1m[31mE         +  'csgo/maps/de_nuke.bsp': AssertionError('sprp v11\nassert 1 == 0\n  +1\n  -0'),[0m
[1m[31mE         +  'csgo/maps/de_overpass.bsp': AssertionError('sprp v11\nassert 1 == 0\n  +1\n  -0'),[0m
[1m[31mE         +  'csgo/maps/de_shortnuke.bsp': AssertionError('sprp v11\nassert 1 == 0\n  +1\n  -0'),[0m
[1m[31mE         +  'csgo/maps/de_train.bsp': AssertionError('sprp v11\nassert 1 == 0\n  +1\n  -0'),[0m
[1m[31mE         +  'csgo/maps/de_vertigo.bsp': AssertionError('sprp v11\nassert 1 == 0\n  +1\n  -0'),[0m
[1m[31mE         +  'csgo/maps/dz_blacksite.bsp': AssertionError('sprp v11\nassert 1 == 0\n  +1\n  -0'),[0m
[1m[31mE         +  'csgo/maps/dz_ember.bsp': AssertionError('sprp v11\nassert 1 == 0\n  +1\n  -0'),[0m
[1m[31mE         +  'csgo/maps/dz_sirocco.bsp': AssertionError('sprp v11\nassert 1 == 0\n  +1\n  -0'),[0m
[1m[31mE         +  'csgo/maps/dz_vineyard.bsp': AssertionError('sprp v11\nassert 1 == 0\n  +1\n  -0'),[0m
[1m[31mE         +  'csgo/maps/gd_cbble.bsp': AssertionError('sprp v11\nassert 1 == 0\n  +1\n  -0'),[0m
[1m[31mE         +  'csgo/maps/lobby_mapveto.bsp': AssertionError('sprp v11\nassert 1 == 0\n  +1\n  -0'),[0m
[1m[31mE         +  'csgo/maps/training1.bsp': AssertionError('sprp v11\nassert 1 == 0\n  +1\n  -0'),[0m
[1m[31mE           }[0m

[1m[31mtests\test_bsp.py[0m:100: AssertionError
[31m[1m_ test_load_bsp[D:/SteamLibrary/steamapps/common-SourceFilmmaker-map_dirs61] __[0m

group_path = 'D:/SteamLibrary/steamapps/common', game_name = 'SourceFilmmaker'
map_dirs = ['game/tf/maps']

    [37m@pytest[39;49;00m.mark.parametrize([33m"[39;49;00m[33mgroup_path,game_name,map_dirs[39;49;00m[33m"[39;49;00m, [(*gps, ms) [94mfor[39;49;00m gps, ms [95min[39;49;00m maplist.installed_games.items()])
    [94mdef[39;49;00m [92mtest_load_bsp[39;49;00m(group_path, game_name, map_dirs):
        [33m"""MEGATEST: 69GB+ of .bsp files!"""[39;49;00m
        [90m# TODO: clean up all the edge case conditions elsewhere[39;49;00m
        branch_script = game_scripts.get(game_name)  [90m# forcing branch to test each branch_script[39;49;00m
        [90m# TODO: move branch_script tests to another test and test auto-detect here instead[39;49;00m
        [90m# -- e.g. test_list = [(BspClass, branch_script, ["mapdir", ...]), ...][39;49;00m
        errors = [96mdict[39;49;00m()
        [90m# ^ {"map_dir/map_name.bsp": ["Error"]}[39;49;00m
        types = [96mset[39;49;00m()  [90m# printed on failure to aid in debugging[39;49;00m
        [90m# ^ {(BspClass, branch, version)}[39;49;00m
        total = [94m0[39;49;00m
        [94mfor[39;49;00m map_dir [95min[39;49;00m map_dirs:
            full_path = os.path.join(group_path, game_name, map_dir)
            [94mif[39;49;00m os.path.exists(full_path):
                files = os.listdir(full_path)
                maps = fnmatch.filter(files, [33m"[39;49;00m[33m*[Bb][Ss][Pp][39;49;00m[33m"[39;49;00m)  [90m# .bsp, .BSP & CoD2 .d3dbsp[39;49;00m
                total += [96mlen[39;49;00m(maps)
                [94massert[39;49;00m [96mlen[39;49;00m(maps) != [94m0[39;49;00m, [33mf[39;49;00m[33m"[39;49;00m[33mcouldn[39;49;00m[33m'[39;49;00m[33mt find any maps for [39;49;00m[33m{[39;49;00mgame_name[33m}[39;49;00m[33m in [39;49;00m[33m{[39;49;00mmap_dir[33m}[39;49;00m[33m"[39;49;00m
                [94mfor[39;49;00m m [95min[39;49;00m maps:  [90m# load every .bsp[39;49;00m
                    [94mtry[39;49;00m:
                        bsp_filename = os.path.join(full_path, m)
                        [94mif[39;49;00m os.path.getsize(bsp_filename) == [94m0[39;49;00m:
                            [94mcontinue[39;49;00m  [90m# hl2/maps/d2_coast_02 is 0 bytes, idk why it shipped[39;49;00m
                        [94mif[39;49;00m game_name == [33m"[39;49;00m[33mhalf-life 2/episodic[39;49;00m[33m"[39;49;00m [95mand[39;49;00m m == [33m"[39;49;00m[33mep1_citadel_00_demo.bsp[39;49;00m[33m"[39;49;00m:
                            [94mcontinue[39;49;00m  [90m# broken HL2:EP1 map (game crashes on load)[39;49;00m
                        [94melif[39;49;00m game_name == [33m"[39;49;00m[33mhalf-life 2/hl1[39;49;00m[33m"[39;49;00m [95mand[39;49;00m m [95min[39;49;00m ([33m"[39;49;00m[33mc4a1y.bsp[39;49;00m[33m"[39;49;00m, [33m"[39;49;00m[33mc4a1z.bsp[39;49;00m[33m"[39;49;00m):
                            [94mcontinue[39;49;00m  [90m# broken HL:Source maps (y is v18 and won't run, z is v19 and has broken IO)[39;49;00m
                        bsp = load_bsp(bsp_filename, branch_script)
                        bsp.file.close()  [90m# avoid OSError "Too many open files"[39;49;00m
                        loading_errors = [96mdict[39;49;00m()
                        [94mfor[39;49;00m lump_name, error [95min[39;49;00m bsp.loading_errors.keys():
                            lump_version = [96mgetattr[39;49;00m(bsp.headers[lump_name], [33m"[39;49;00m[33mversion[39;49;00m[33m"[39;49;00m, [94mNone[39;49;00m)
                            [94mif[39;49;00m lump_version [95mis[39;49;00m [95mnot[39;49;00m [94mNone[39;49;00m:
                                loading_errors[[33mf[39;49;00m[33m"[39;49;00m[33m{[39;49;00mlump_name[33m}[39;49;00m[33m v[39;49;00m[33m{[39;49;00mlump_version[33m}[39;49;00m[33m"[39;49;00m] = error
                            [94melse[39;49;00m:
                                loading_errors[lump_name] = error
                        [94mif[39;49;00m [96mhasattr[39;49;00m(bsp, [33m"[39;49;00m[33mGAME_LUMP[39;49;00m[33m"[39;49;00m):
                            [94mif[39;49;00m [95mnot[39;49;00m [96misinstance[39;49;00m(bsp.GAME_LUMP, lumps.RawBspLump):  [90m# skip unmapped game lumps[39;49;00m
                                loading_errors.update({[33mf[39;49;00m[33m"[39;49;00m[33m{[39;49;00mk[33m}[39;49;00m[33m v[39;49;00m[33m{[39;49;00mbsp.GAME_LUMP.headers[k].version[33m}[39;49;00m[33m"[39;49;00m: v
                                                       [94mfor[39;49;00m k, v [95min[39;49;00m bsp.GAME_LUMP.loading_errors.items()})
                        [94mif[39;49;00m [96mhasattr[39;49;00m(bsp, [33m"[39;49;00m[33mexternal[39;49;00m[33m"[39;49;00m):
                            [90m# TODO: actually read external SpecialLumpClasses lumps for a thorough check[39;49;00m
                            [90m# TODO: close any external lump files this opens to avoid OSError[39;49;00m
                            [90m# NOTE: if collecting external lumps for a BspClass w/o versions this will break[39;49;00m
                            loading_errors.update({[33mf[39;49;00m[33m"[39;49;00m[33mexternal.[39;49;00m[33m{[39;49;00mk[33m}[39;49;00m[33m v[39;49;00m[33m{[39;49;00mbsp.external.headers[k].version[33m}[39;49;00m[33m"[39;49;00m: v
                                                   [94mfor[39;49;00m k, v [95min[39;49;00m bsp.external.loading_errors.items()})
                            [94mif[39;49;00m [96mhasattr[39;49;00m(bsp.external, [33m"[39;49;00m[33mGAME_LUMP[39;49;00m[33m"[39;49;00m):
                                [94mif[39;49;00m [95mnot[39;49;00m [96misinstance[39;49;00m(bsp.external.GAME_LUMP, lumps.RawBspLump):  [90m# skip unmapped game lumps[39;49;00m
                                    loading_errors.update({[33mf[39;49;00m[33m"[39;49;00m[33mexternal.GAME_LUMP.[39;49;00m[33m{[39;49;00mk[33m}[39;49;00m[33m v[39;49;00m[33m{[39;49;00mbsp.external.GAME_LUMP.headers[k].version[33m}[39;49;00m[33m"[39;49;00m: v  [90m# noqa E501[39;49;00m
                                                           [94mfor[39;49;00m k, v [95min[39;49;00m bsp.external.GAME_LUMP.loading_errors.items()})
                        [94massert[39;49;00m [96mlen[39;49;00m(loading_errors) == [94m0[39;49;00m, [33m"[39;49;00m[33m, [39;49;00m[33m"[39;49;00m.join(loading_errors.keys())
                    [94mexcept[39;49;00m [96mNotImplementedError[39;49;00m [94mas[39;49;00m nie:
                        [90m# "DarkPlaces/maps/b_*.bsp" files are Quake .mdl with the .bsp extension[39;49;00m
                        [90m# https://www.gamers.org/dEngine/quake/spec/quake-spec32.html#CMDLF[39;49;00m
                        [90m# Quake stores pickup models as .bsp and renders them in a nested fashion[39;49;00m
                        [90m# so this is probably fine in Quake, but they still aren't .bsp files[39;49;00m
                        [94mif[39;49;00m [95mnot[39;49;00m (game_name == [33m"[39;49;00m[33mDarkPlaces[39;49;00m[33m"[39;49;00m [95mand[39;49;00m nie.args == ([33m"[39;49;00m[33mUnknown file_magic: b[39;49;00m[33m'[39;49;00m[33mIDPO[39;49;00m[33m'[39;49;00m[33m"[39;49;00m,)):
                            errors[[33mf[39;49;00m[33m"[39;49;00m[33m{[39;49;00mmap_dir[33m}[39;49;00m[33m/[39;49;00m[33m{[39;49;00mm[33m}[39;49;00m[33m"[39;49;00m] = nie
                    [94mexcept[39;49;00m [96mAssertionError[39;49;00m [94mas[39;49;00m ae:  [90m# should catch the `assert len(loading_errors) == ...` above[39;49;00m
                        errors[[33mf[39;49;00m[33m"[39;49;00m[33m{[39;49;00mmap_dir[33m}[39;49;00m[33m/[39;49;00m[33m{[39;49;00mm[33m}[39;49;00m[33m"[39;49;00m] = ae
                        types.add((bsp.[91m__class__[39;49;00m.[91m__name__[39;49;00m, bsp.branch.[91m__name__[39;49;00m, bsp.bsp_version))
                        [94mdel[39;49;00m bsp
>       [94massert[39;49;00m errors == [96mdict[39;49;00m(), [33m"[39;49;00m[33m\n[39;49;00m[33m"[39;49;00m.join([[33mf[39;49;00m[33m"[39;49;00m[33m{[39;49;00m[96mlen[39;49;00m(errors)[33m}[39;49;00m[33m out of [39;49;00m[33m{[39;49;00mtotal[33m}[39;49;00m[33m .bsps failed[39;49;00m[33m"[39;49;00m,
                                            *[96mmap[39;49;00m([96mstr[39;49;00m, types),  [90m# BspClass, branch_script, bsp_version[39;49;00m
                                            *{ln [94mfor[39;49;00m ae [95min[39;49;00m errors.values() [94mfor[39;49;00m ln [95min[39;49;00m ae.args[[94m0[39;49;00m].split([33m"[39;49;00m[33m\n[39;49;00m[33m"[39;49;00m)[[94m0[39;49;00m].split([33m"[39;49;00m[33m, [39;49;00m[33m"[39;49;00m)}])
[1m[31mE       AssertionError: 7 out of 71 .bsps failed[0m
[1m[31mE         ('ValveBsp', 'bsp_tool.branches.valve.sdk_2013', 21)[0m
[1m[31mE         sprp v10[0m
[1m[31mE       assert {'game/tf/maps/ctf_foundry.bsp': AssertionError('sprp v10\nassert 1 == 0\n  +1\n  -0'),\n 'game/tf/maps/ctf_gorge.bsp': AssertionError('sprp v10\nassert 1 == 0\n  +1\n  -0'),\n 'game/tf/maps/koth_lakeside_event.bsp': AssertionError('sprp v10\nassert 1 == 0\n  +1\n  -0'),\n 'game/tf/maps/pl_cactuscanyon.bsp': AssertionError('sprp v10\nassert 1 == 0\n  +1\n  -0'),\n 'game/tf/maps/pl_upward.bsp': AssertionError('sprp v10\nassert 1 == 0\n  +1\n  -0'),\n 'game/tf/maps/rd_asteroid.bsp': AssertionError('sprp v10\nassert 1 == 0\n  +1\n  -0'),\n 'game/tf/maps/sd_doomsday_event.bsp': AssertionError('sprp v10\nassert 1 == 0\n  +1\n  -0')} == {}[0m
[1m[31mE         Left contains 7 more items:[0m
[1m[31mE         {'game/tf/maps/ctf_foundry.bsp': AssertionError('sprp v10\nassert 1 == 0\n  +1\n  -0'),[0m
[1m[31mE          'game/tf/maps/ctf_gorge.bsp': AssertionError('sprp v10\nassert 1 == 0\n  +1\n  -0'),[0m
[1m[31mE          'game/tf/maps/koth_lakeside_event.bsp': AssertionError('sprp v10\nassert 1 == 0\n  +1\n  -0'),[0m
[1m[31mE          'game/tf/maps/pl_cactuscanyon.bsp': AssertionError('sprp v10\nassert 1 == 0\n  +1\n  -0'),[0m
[1m[31mE          'game/tf/maps/pl_upward.bsp': AssertionError('sprp v10\nassert 1 == 0\n  +1\n  -0'),[0m
[1m[31mE          'game/tf/maps/rd_asteroid.bsp': AssertionError('sprp v10\nassert 1 == 0\n  +1\n  -0'),[0m
[1m[31mE          'game/tf/maps/sd_doomsday_event.bsp': AssertionError('sprp v10\nassert 1 == 0\n  +1\n  -0')}[0m
[1m[31mE         Full diff:[0m
[1m[31mE           {[0m
[1m[31mE         -  ,[0m
[1m[31mE         +  'game/tf/maps/ctf_foundry.bsp': AssertionError('sprp v10\nassert 1 == 0\n  +1\n  -0'),[0m
[1m[31mE         +  'game/tf/maps/ctf_gorge.bsp': AssertionError('sprp v10\nassert 1 == 0\n  +1\n  -0'),[0m
[1m[31mE         +  'game/tf/maps/koth_lakeside_event.bsp': AssertionError('sprp v10\nassert 1 == 0\n  +1\n  -0'),[0m
[1m[31mE         +  'game/tf/maps/pl_cactuscanyon.bsp': AssertionError('sprp v10\nassert 1 == 0\n  +1\n  -0'),[0m
[1m[31mE         +  'game/tf/maps/pl_upward.bsp': AssertionError('sprp v10\nassert 1 == 0\n  +1\n  -0'),[0m
[1m[31mE         +  'game/tf/maps/rd_asteroid.bsp': AssertionError('sprp v10\nassert 1 == 0\n  +1\n  -0'),[0m
[1m[31mE         +  'game/tf/maps/sd_doomsday_event.bsp': AssertionError('sprp v10\nassert 1 == 0\n  +1\n  -0'),[0m
[1m[31mE           }[0m

[1m[31mtests\test_bsp.py[0m:100: AssertionError
[31m[1m_ test_load_bsp[D:/SteamLibrary/steamapps/common-Team Fortress 2-map_dirs63] __[0m

group_path = 'D:/SteamLibrary/steamapps/common', game_name = 'Team Fortress 2'
map_dirs = ['tf/maps', 'tf/download/maps']

    [37m@pytest[39;49;00m.mark.parametrize([33m"[39;49;00m[33mgroup_path,game_name,map_dirs[39;49;00m[33m"[39;49;00m, [(*gps, ms) [94mfor[39;49;00m gps, ms [95min[39;49;00m maplist.installed_games.items()])
    [94mdef[39;49;00m [92mtest_load_bsp[39;49;00m(group_path, game_name, map_dirs):
        [33m"""MEGATEST: 69GB+ of .bsp files!"""[39;49;00m
        [90m# TODO: clean up all the edge case conditions elsewhere[39;49;00m
        branch_script = game_scripts.get(game_name)  [90m# forcing branch to test each branch_script[39;49;00m
        [90m# TODO: move branch_script tests to another test and test auto-detect here instead[39;49;00m
        [90m# -- e.g. test_list = [(BspClass, branch_script, ["mapdir", ...]), ...][39;49;00m
        errors = [96mdict[39;49;00m()
        [90m# ^ {"map_dir/map_name.bsp": ["Error"]}[39;49;00m
        types = [96mset[39;49;00m()  [90m# printed on failure to aid in debugging[39;49;00m
        [90m# ^ {(BspClass, branch, version)}[39;49;00m
        total = [94m0[39;49;00m
        [94mfor[39;49;00m map_dir [95min[39;49;00m map_dirs:
            full_path = os.path.join(group_path, game_name, map_dir)
            [94mif[39;49;00m os.path.exists(full_path):
                files = os.listdir(full_path)
                maps = fnmatch.filter(files, [33m"[39;49;00m[33m*[Bb][Ss][Pp][39;49;00m[33m"[39;49;00m)  [90m# .bsp, .BSP & CoD2 .d3dbsp[39;49;00m
                total += [96mlen[39;49;00m(maps)
                [94massert[39;49;00m [96mlen[39;49;00m(maps) != [94m0[39;49;00m, [33mf[39;49;00m[33m"[39;49;00m[33mcouldn[39;49;00m[33m'[39;49;00m[33mt find any maps for [39;49;00m[33m{[39;49;00mgame_name[33m}[39;49;00m[33m in [39;49;00m[33m{[39;49;00mmap_dir[33m}[39;49;00m[33m"[39;49;00m
                [94mfor[39;49;00m m [95min[39;49;00m maps:  [90m# load every .bsp[39;49;00m
                    [94mtry[39;49;00m:
                        bsp_filename = os.path.join(full_path, m)
                        [94mif[39;49;00m os.path.getsize(bsp_filename) == [94m0[39;49;00m:
                            [94mcontinue[39;49;00m  [90m# hl2/maps/d2_coast_02 is 0 bytes, idk why it shipped[39;49;00m
                        [94mif[39;49;00m game_name == [33m"[39;49;00m[33mhalf-life 2/episodic[39;49;00m[33m"[39;49;00m [95mand[39;49;00m m == [33m"[39;49;00m[33mep1_citadel_00_demo.bsp[39;49;00m[33m"[39;49;00m:
                            [94mcontinue[39;49;00m  [90m# broken HL2:EP1 map (game crashes on load)[39;49;00m
                        [94melif[39;49;00m game_name == [33m"[39;49;00m[33mhalf-life 2/hl1[39;49;00m[33m"[39;49;00m [95mand[39;49;00m m [95min[39;49;00m ([33m"[39;49;00m[33mc4a1y.bsp[39;49;00m[33m"[39;49;00m, [33m"[39;49;00m[33mc4a1z.bsp[39;49;00m[33m"[39;49;00m):
                            [94mcontinue[39;49;00m  [90m# broken HL:Source maps (y is v18 and won't run, z is v19 and has broken IO)[39;49;00m
                        bsp = load_bsp(bsp_filename, branch_script)
                        bsp.file.close()  [90m# avoid OSError "Too many open files"[39;49;00m
                        loading_errors = [96mdict[39;49;00m()
                        [94mfor[39;49;00m lump_name, error [95min[39;49;00m bsp.loading_errors.keys():
                            lump_version = [96mgetattr[39;49;00m(bsp.headers[lump_name], [33m"[39;49;00m[33mversion[39;49;00m[33m"[39;49;00m, [94mNone[39;49;00m)
                            [94mif[39;49;00m lump_version [95mis[39;49;00m [95mnot[39;49;00m [94mNone[39;49;00m:
                                loading_errors[[33mf[39;49;00m[33m"[39;49;00m[33m{[39;49;00mlump_name[33m}[39;49;00m[33m v[39;49;00m[33m{[39;49;00mlump_version[33m}[39;49;00m[33m"[39;49;00m] = error
                            [94melse[39;49;00m:
                                loading_errors[lump_name] = error
                        [94mif[39;49;00m [96mhasattr[39;49;00m(bsp, [33m"[39;49;00m[33mGAME_LUMP[39;49;00m[33m"[39;49;00m):
                            [94mif[39;49;00m [95mnot[39;49;00m [96misinstance[39;49;00m(bsp.GAME_LUMP, lumps.RawBspLump):  [90m# skip unmapped game lumps[39;49;00m
                                loading_errors.update({[33mf[39;49;00m[33m"[39;49;00m[33m{[39;49;00mk[33m}[39;49;00m[33m v[39;49;00m[33m{[39;49;00mbsp.GAME_LUMP.headers[k].version[33m}[39;49;00m[33m"[39;49;00m: v
                                                       [94mfor[39;49;00m k, v [95min[39;49;00m bsp.GAME_LUMP.loading_errors.items()})
                        [94mif[39;49;00m [96mhasattr[39;49;00m(bsp, [33m"[39;49;00m[33mexternal[39;49;00m[33m"[39;49;00m):
                            [90m# TODO: actually read external SpecialLumpClasses lumps for a thorough check[39;49;00m
                            [90m# TODO: close any external lump files this opens to avoid OSError[39;49;00m
                            [90m# NOTE: if collecting external lumps for a BspClass w/o versions this will break[39;49;00m
                            loading_errors.update({[33mf[39;49;00m[33m"[39;49;00m[33mexternal.[39;49;00m[33m{[39;49;00mk[33m}[39;49;00m[33m v[39;49;00m[33m{[39;49;00mbsp.external.headers[k].version[33m}[39;49;00m[33m"[39;49;00m: v
                                                   [94mfor[39;49;00m k, v [95min[39;49;00m bsp.external.loading_errors.items()})
                            [94mif[39;49;00m [96mhasattr[39;49;00m(bsp.external, [33m"[39;49;00m[33mGAME_LUMP[39;49;00m[33m"[39;49;00m):
                                [94mif[39;49;00m [95mnot[39;49;00m [96misinstance[39;49;00m(bsp.external.GAME_LUMP, lumps.RawBspLump):  [90m# skip unmapped game lumps[39;49;00m
                                    loading_errors.update({[33mf[39;49;00m[33m"[39;49;00m[33mexternal.GAME_LUMP.[39;49;00m[33m{[39;49;00mk[33m}[39;49;00m[33m v[39;49;00m[33m{[39;49;00mbsp.external.GAME_LUMP.headers[k].version[33m}[39;49;00m[33m"[39;49;00m: v  [90m# noqa E501[39;49;00m
                                                           [94mfor[39;49;00m k, v [95min[39;49;00m bsp.external.GAME_LUMP.loading_errors.items()})
                        [94massert[39;49;00m [96mlen[39;49;00m(loading_errors) == [94m0[39;49;00m, [33m"[39;49;00m[33m, [39;49;00m[33m"[39;49;00m.join(loading_errors.keys())
                    [94mexcept[39;49;00m [96mNotImplementedError[39;49;00m [94mas[39;49;00m nie:
                        [90m# "DarkPlaces/maps/b_*.bsp" files are Quake .mdl with the .bsp extension[39;49;00m
                        [90m# https://www.gamers.org/dEngine/quake/spec/quake-spec32.html#CMDLF[39;49;00m
                        [90m# Quake stores pickup models as .bsp and renders them in a nested fashion[39;49;00m
                        [90m# so this is probably fine in Quake, but they still aren't .bsp files[39;49;00m
                        [94mif[39;49;00m [95mnot[39;49;00m (game_name == [33m"[39;49;00m[33mDarkPlaces[39;49;00m[33m"[39;49;00m [95mand[39;49;00m nie.args == ([33m"[39;49;00m[33mUnknown file_magic: b[39;49;00m[33m'[39;49;00m[33mIDPO[39;49;00m[33m'[39;49;00m[33m"[39;49;00m,)):
                            errors[[33mf[39;49;00m[33m"[39;49;00m[33m{[39;49;00mmap_dir[33m}[39;49;00m[33m/[39;49;00m[33m{[39;49;00mm[33m}[39;49;00m[33m"[39;49;00m] = nie
                    [94mexcept[39;49;00m [96mAssertionError[39;49;00m [94mas[39;49;00m ae:  [90m# should catch the `assert len(loading_errors) == ...` above[39;49;00m
                        errors[[33mf[39;49;00m[33m"[39;49;00m[33m{[39;49;00mmap_dir[33m}[39;49;00m[33m/[39;49;00m[33m{[39;49;00mm[33m}[39;49;00m[33m"[39;49;00m] = ae
                        types.add((bsp.[91m__class__[39;49;00m.[91m__name__[39;49;00m, bsp.branch.[91m__name__[39;49;00m, bsp.bsp_version))
                        [94mdel[39;49;00m bsp
>       [94massert[39;49;00m errors == [96mdict[39;49;00m(), [33m"[39;49;00m[33m\n[39;49;00m[33m"[39;49;00m.join([[33mf[39;49;00m[33m"[39;49;00m[33m{[39;49;00m[96mlen[39;49;00m(errors)[33m}[39;49;00m[33m out of [39;49;00m[33m{[39;49;00mtotal[33m}[39;49;00m[33m .bsps failed[39;49;00m[33m"[39;49;00m,
                                            *[96mmap[39;49;00m([96mstr[39;49;00m, types),  [90m# BspClass, branch_script, bsp_version[39;49;00m
                                            *{ln [94mfor[39;49;00m ae [95min[39;49;00m errors.values() [94mfor[39;49;00m ln [95min[39;49;00m ae.args[[94m0[39;49;00m].split([33m"[39;49;00m[33m\n[39;49;00m[33m"[39;49;00m)[[94m0[39;49;00m].split([33m"[39;49;00m[33m, [39;49;00m[33m"[39;49;00m)}])
[1m[31mE       AssertionError: 5 out of 506 .bsps failed[0m
[1m[31mE         ('ValveBsp', 'bsp_tool.branches.valve.orange_box', 20)[0m
[1m[31mE         sprp v10[0m
[1m[31mE       assert {'tf/download/maps/arena_idolon_mc18_a1.bsp': AssertionError('sprp v10\nassert 1 == 0\n  +1\n  -0'),\n 'tf/download/maps/bananaland_rc5a.bsp': AssertionError('sprp v10\nassert 1 == 0\n  +1\n  -0'),\n 'tf/download/maps/cp_e1m1mountainlab.bsp': AssertionError('sprp v10\nassert 1 == 0\n  +1\n  -0'),\n 'tf/download/maps/cp_ismac_mc18_a1.bsp': AssertionError('sprp v10\nassert 1 == 0\n  +1\n  -0'),\n 'tf/download/maps/cp_ismac_mc18_a2.bsp': AssertionError('sprp v10\nassert 1 == 0\n  +1\n  -0')} == {}[0m
[1m[31mE         Left contains 5 more items:[0m
[1m[31mE         {'tf/download/maps/arena_idolon_mc18_a1.bsp': AssertionError('sprp v10\nassert 1 == 0\n  +1\n  -0'),[0m
[1m[31mE          'tf/download/maps/bananaland_rc5a.bsp': AssertionError('sprp v10\nassert 1 == 0\n  +1\n  -0'),[0m
[1m[31mE          'tf/download/maps/cp_e1m1mountainlab.bsp': AssertionError('sprp v10\nassert 1 == 0\n  +1\n  -0'),[0m
[1m[31mE          'tf/download/maps/cp_ismac_mc18_a1.bsp': AssertionError('sprp v10\nassert 1 == 0\n  +1\n  -0'),[0m
[1m[31mE          'tf/download/maps/cp_ismac_mc18_a2.bsp': AssertionError('sprp v10\nassert 1 == 0\n  +1\n  -0')}[0m
[1m[31mE         Full diff:[0m
[1m[31mE           {[0m
[1m[31mE         -  ,[0m
[1m[31mE         +  'tf/download/maps/arena_idolon_mc18_a1.bsp': AssertionError('sprp v10\nassert 1 == 0\n  +1\n  -0'),[0m
[1m[31mE         +  'tf/download/maps/bananaland_rc5a.bsp': AssertionError('sprp v10\nassert 1 == 0\n  +1\n  -0'),[0m
[1m[31mE         +  'tf/download/maps/cp_e1m1mountainlab.bsp': AssertionError('sprp v10\nassert 1 == 0\n  +1\n  -0'),[0m
[1m[31mE         +  'tf/download/maps/cp_ismac_mc18_a1.bsp': AssertionError('sprp v10\nassert 1 == 0\n  +1\n  -0'),[0m
[1m[31mE         +  'tf/download/maps/cp_ismac_mc18_a2.bsp': AssertionError('sprp v10\nassert 1 == 0\n  +1\n  -0'),[0m
[1m[31mE           }[0m

[1m[31mtests\test_bsp.py[0m:100: AssertionError
[31m[1m_________________ test_load_bsp[E:/Mod-BlackMesa-map_dirs94] __________________[0m

group_path = 'E:/Mod', game_name = 'BlackMesa', map_dirs = ['maps']

    [37m@pytest[39;49;00m.mark.parametrize([33m"[39;49;00m[33mgroup_path,game_name,map_dirs[39;49;00m[33m"[39;49;00m, [(*gps, ms) [94mfor[39;49;00m gps, ms [95min[39;49;00m maplist.installed_games.items()])
    [94mdef[39;49;00m [92mtest_load_bsp[39;49;00m(group_path, game_name, map_dirs):
        [33m"""MEGATEST: 69GB+ of .bsp files!"""[39;49;00m
        [90m# TODO: clean up all the edge case conditions elsewhere[39;49;00m
        branch_script = game_scripts.get(game_name)  [90m# forcing branch to test each branch_script[39;49;00m
        [90m# TODO: move branch_script tests to another test and test auto-detect here instead[39;49;00m
        [90m# -- e.g. test_list = [(BspClass, branch_script, ["mapdir", ...]), ...][39;49;00m
        errors = [96mdict[39;49;00m()
        [90m# ^ {"map_dir/map_name.bsp": ["Error"]}[39;49;00m
        types = [96mset[39;49;00m()  [90m# printed on failure to aid in debugging[39;49;00m
        [90m# ^ {(BspClass, branch, version)}[39;49;00m
        total = [94m0[39;49;00m
        [94mfor[39;49;00m map_dir [95min[39;49;00m map_dirs:
            full_path = os.path.join(group_path, game_name, map_dir)
            [94mif[39;49;00m os.path.exists(full_path):
                files = os.listdir(full_path)
                maps = fnmatch.filter(files, [33m"[39;49;00m[33m*[Bb][Ss][Pp][39;49;00m[33m"[39;49;00m)  [90m# .bsp, .BSP & CoD2 .d3dbsp[39;49;00m
                total += [96mlen[39;49;00m(maps)
                [94massert[39;49;00m [96mlen[39;49;00m(maps) != [94m0[39;49;00m, [33mf[39;49;00m[33m"[39;49;00m[33mcouldn[39;49;00m[33m'[39;49;00m[33mt find any maps for [39;49;00m[33m{[39;49;00mgame_name[33m}[39;49;00m[33m in [39;49;00m[33m{[39;49;00mmap_dir[33m}[39;49;00m[33m"[39;49;00m
                [94mfor[39;49;00m m [95min[39;49;00m maps:  [90m# load every .bsp[39;49;00m
                    [94mtry[39;49;00m:
                        bsp_filename = os.path.join(full_path, m)
                        [94mif[39;49;00m os.path.getsize(bsp_filename) == [94m0[39;49;00m:
                            [94mcontinue[39;49;00m  [90m# hl2/maps/d2_coast_02 is 0 bytes, idk why it shipped[39;49;00m
                        [94mif[39;49;00m game_name == [33m"[39;49;00m[33mhalf-life 2/episodic[39;49;00m[33m"[39;49;00m [95mand[39;49;00m m == [33m"[39;49;00m[33mep1_citadel_00_demo.bsp[39;49;00m[33m"[39;49;00m:
                            [94mcontinue[39;49;00m  [90m# broken HL2:EP1 map (game crashes on load)[39;49;00m
                        [94melif[39;49;00m game_name == [33m"[39;49;00m[33mhalf-life 2/hl1[39;49;00m[33m"[39;49;00m [95mand[39;49;00m m [95min[39;49;00m ([33m"[39;49;00m[33mc4a1y.bsp[39;49;00m[33m"[39;49;00m, [33m"[39;49;00m[33mc4a1z.bsp[39;49;00m[33m"[39;49;00m):
                            [94mcontinue[39;49;00m  [90m# broken HL:Source maps (y is v18 and won't run, z is v19 and has broken IO)[39;49;00m
                        bsp = load_bsp(bsp_filename, branch_script)
                        bsp.file.close()  [90m# avoid OSError "Too many open files"[39;49;00m
                        loading_errors = [96mdict[39;49;00m()
                        [94mfor[39;49;00m lump_name, error [95min[39;49;00m bsp.loading_errors.keys():
                            lump_version = [96mgetattr[39;49;00m(bsp.headers[lump_name], [33m"[39;49;00m[33mversion[39;49;00m[33m"[39;49;00m, [94mNone[39;49;00m)
                            [94mif[39;49;00m lump_version [95mis[39;49;00m [95mnot[39;49;00m [94mNone[39;49;00m:
                                loading_errors[[33mf[39;49;00m[33m"[39;49;00m[33m{[39;49;00mlump_name[33m}[39;49;00m[33m v[39;49;00m[33m{[39;49;00mlump_version[33m}[39;49;00m[33m"[39;49;00m] = error
[...]
[1m[31mE         +  'portal2/maps/mp_coop_lobby_2.360.bsp': AssertionError('sprp v9\nassert 1 == 0\n  +1\n  -0'),[0m
[1m[31mE         +  'portal2/maps/mp_coop_multifling_1.360.bsp': AssertionError('sprp v9\nassert 1 == 0\n  +1\n  -0'),[0m
[1m[31mE         +  'portal2/maps/mp_coop_paint_bridge.360.bsp': AssertionError('sprp v9\nassert 1 == 0\n  +1\n  -0'),[0m
[1m[31mE         +  'portal2/maps/mp_coop_paint_come_along.360.bsp': AssertionError('sprp v9\nassert 1 == 0\n  +1\n  -0'),[0m
[1m[31mE         +  'portal2/maps/mp_coop_paint_longjump_intro.360.bsp': AssertionError('sprp v9\nassert 1 == 0\n  +1\n  -0'),[0m
[1m[31mE         +  'portal2/maps/mp_coop_paint_red_racer.360.bsp': AssertionError('sprp v9\nassert 1 == 0\n  +1\n  -0'),[0m
[1m[31mE         +  'portal2/maps/mp_coop_paint_redirect.360.bsp': AssertionError('sprp v9\nassert 1 == 0\n  +1\n  -0'),[0m
[1m[31mE         +  'portal2/maps/mp_coop_paint_speed_catch.360.bsp': AssertionError('sprp v9\nassert 1 == 0\n  +1\n  -0'),[0m
[1m[31mE         +  'portal2/maps/mp_coop_paint_speed_fling.360.bsp': AssertionError('sprp v9\nassert 1 == 0\n  +1\n  -0'),[0m
[1m[31mE         +  'portal2/maps/mp_coop_paint_walljumps.360.bsp': AssertionError('sprp v9\nassert 1 == 0\n  +1\n  -0'),[0m
[1m[31mE         +  'portal2/maps/mp_coop_race_2.360.bsp': AssertionError('sprp v9\nassert 1 == 0\n  +1\n  -0'),[0m
[1m[31mE         +  'portal2/maps/mp_coop_rat_maze.360.bsp': AssertionError('sprp v9\nassert 1 == 0\n  +1\n  -0'),[0m
[1m[31mE         +  'portal2/maps/mp_coop_start.360.bsp': AssertionError('sprp v9\nassert 1 == 0\n  +1\n  -0'),[0m
[1m[31mE         +  'portal2/maps/mp_coop_tbeam_catch_grind_1.360.bsp': AssertionError('sprp v9\nassert 1 == 0\n  +1\n  -0'),[0m
[1m[31mE         +  'portal2/maps/mp_coop_tbeam_drill.360.bsp': AssertionError('sprp v9\nassert 1 == 0\n  +1\n  -0'),[0m
[1m[31mE         +  'portal2/maps/mp_coop_tbeam_end.360.bsp': AssertionError('sprp v9\nassert 1 == 0\n  +1\n  -0'),[0m
[1m[31mE         +  'portal2/maps/mp_coop_tbeam_laser_1.360.bsp': AssertionError('sprp v9\nassert 1 == 0\n  +1\n  -0'),[0m
[1m[31mE         +  'portal2/maps/mp_coop_tbeam_maze.360.bsp': AssertionError('sprp v9\nassert 1 == 0\n  +1\n  -0'),[0m
[1m[31mE         +  'portal2/maps/mp_coop_tbeam_polarity.360.bsp': AssertionError('sprp v9\nassert 1 == 0\n  +1\n  -0'),[0m
[1m[31mE         +  'portal2/maps/mp_coop_tbeam_polarity2.360.bsp': AssertionError('sprp v9\nassert 1 == 0\n  +1\n  -0'),[0m
[1m[31mE         +  'portal2/maps/mp_coop_tbeam_polarity3.360.bsp': AssertionError('sprp v9\nassert 1 == 0\n  +1\n  -0'),[0m
[1m[31mE         +  'portal2/maps/mp_coop_tbeam_redirect.360.bsp': AssertionError('sprp v9\nassert 1 == 0\n  +1\n  -0'),[0m
[1m[31mE         +  'portal2/maps/mp_coop_teambts.360.bsp': AssertionError('sprp v9\nassert 1 == 0\n  +1\n  -0'),[0m
[1m[31mE         +  'portal2/maps/mp_coop_turret_ball.360.bsp': AssertionError('sprp v9\nassert 1 == 0\n  +1\n  -0'),[0m
[1m[31mE         +  'portal2/maps/mp_coop_turret_walls.360.bsp': AssertionError('sprp v9\nassert 1 == 0\n  +1\n  -0'),[0m
[1m[31mE         +  'portal2/maps/mp_coop_wall_2.360.bsp': AssertionError('sprp v9\nassert 1 == 0\n  +1\n  -0'),[0m
[1m[31mE         +  'portal2/maps/mp_coop_wall_5.360.bsp': AssertionError('sprp v9\nassert 1 == 0\n  +1\n  -0'),[0m
[1m[31mE         +  'portal2/maps/mp_coop_wall_block.360.bsp': AssertionError('sprp v9\nassert 1 == 0\n  +1\n  -0'),[0m
[1m[31mE         +  'portal2/maps/mp_coop_wall_intro.360.bsp': AssertionError('sprp v9\nassert 1 == 0\n  +1\n  -0'),[0m
[1m[31mE         +  'portal2/maps/sp_a1_intro1.360.bsp': AssertionError('sprp v9\nassert 1 == 0\n  +1\n  -0'),[0m
[1m[31mE         +  'portal2/maps/sp_a1_intro2.360.bsp': AssertionError('sprp v9\nassert 1 == 0\n  +1\n  -0'),[0m
[1m[31mE         +  'portal2/maps/sp_a1_intro3.360.bsp': AssertionError('sprp v9\nassert 1 == 0\n  +1\n  -0'),[0m
[1m[31mE         +  'portal2/maps/sp_a1_intro4.360.bsp': AssertionError('sprp v9\nassert 1 == 0\n  +1\n  -0'),[0m
[1m[31mE         +  'portal2/maps/sp_a1_intro5.360.bsp': AssertionError('sprp v9\nassert 1 == 0\n  +1\n  -0'),[0m
[1m[31mE         +  'portal2/maps/sp_a1_intro6.360.bsp': AssertionError('sprp v9\nassert 1 == 0\n  +1\n  -0'),[0m
[1m[31mE         +  'portal2/maps/sp_a1_intro7.360.bsp': AssertionError('sprp v9\nassert 1 == 0\n  +1\n  -0'),[0m
[1m[31mE         +  'portal2/maps/sp_a1_wakeup.360.bsp': AssertionError('sprp v9\nassert 1 == 0\n  +1\n  -0'),[0m
[1m[31mE         +  'portal2/maps/sp_a2_bridge_intro.360.bsp': AssertionError('sprp v9\nassert 1 == 0\n  +1\n  -0'),[0m
[1m[31mE         +  'portal2/maps/sp_a2_bridge_the_gap.360.bsp': AssertionError('sprp v9\nassert 1 == 0\n  +1\n  -0'),[0m
[1m[31mE         +  'portal2/maps/sp_a2_bts1.360.bsp': AssertionError('sprp v9\nassert 1 == 0\n  +1\n  -0'),[0m
[1m[31mE         +  'portal2/maps/sp_a2_bts2.360.bsp': AssertionError('sprp v9\nassert 1 == 0\n  +1\n  -0'),[0m
[1m[31mE         +  'portal2/maps/sp_a2_bts3.360.bsp': AssertionError('sprp v9\nassert 1 == 0\n  +1\n  -0'),[0m
[1m[31mE         +  'portal2/maps/sp_a2_bts4.360.bsp': AssertionError('sprp v9\nassert 1 == 0\n  +1\n  -0'),[0m
[1m[31mE         +  'portal2/maps/sp_a2_bts5.360.bsp': AssertionError('sprp v9\nassert 1 == 0\n  +1\n  -0'),[0m
[1m[31mE         +  'portal2/maps/sp_a2_bts6.360.bsp': AssertionError('sprp v9\nassert 1 == 0\n  +1\n  -0'),[0m
[1m[31mE         +  'portal2/maps/sp_a2_catapult_intro.360.bsp': AssertionError('sprp v9\nassert 1 == 0\n  +1\n  -0'),[0m
[1m[31mE         +  'portal2/maps/sp_a2_column_blocker.360.bsp': AssertionError('sprp v9\nassert 1 == 0\n  +1\n  -0'),[0m
[1m[31mE         +  'portal2/maps/sp_a2_core.360.bsp': AssertionError('sprp v9\nassert 1 == 0\n  +1\n  -0'),[0m
[1m[31mE         +  'portal2/maps/sp_a2_dual_lasers.360.bsp': AssertionError('sprp v9\nassert 1 == 0\n  +1\n  -0'),[0m
[1m[31mE         +  'portal2/maps/sp_a2_fizzler_intro.360.bsp': AssertionError('sprp v9\nassert 1 == 0\n  +1\n  -0'),[0m
[1m[31mE         +  'portal2/maps/sp_a2_intro.360.bsp': AssertionError('sprp v9\nassert 1 == 0\n  +1\n  -0'),[0m
[1m[31mE         +  'portal2/maps/sp_a2_laser_chaining.360.bsp': AssertionError('sprp v9\nassert 1 == 0\n  +1\n  -0'),[0m
[1m[31mE         +  'portal2/maps/sp_a2_laser_intro.360.bsp': AssertionError('sprp v9\nassert 1 == 0\n  +1\n  -0'),[0m
[1m[31mE         +  'portal2/maps/sp_a2_laser_over_goo.360.bsp': AssertionError('sprp v9\nassert 1 == 0\n  +1\n  -0'),[0m
[1m[31mE         +  'portal2/maps/sp_a2_laser_relays.360.bsp': AssertionError('sprp v9\nassert 1 == 0\n  +1\n  -0'),[0m
[1m[31mE         +  'portal2/maps/sp_a2_laser_stairs.360.bsp': AssertionError('sprp v9\nassert 1 == 0\n  +1\n  -0'),[0m
[1m[31mE         +  'portal2/maps/sp_a2_laser_vs_turret.360.bsp': AssertionError('sprp v9\nassert 1 == 0\n  +1\n  -0'),[0m
[1m[31mE         +  'portal2/maps/sp_a2_pit_flings.360.bsp': AssertionError('sprp v9\nassert 1 == 0\n  +1\n  -0'),[0m
[1m[31mE         +  'portal2/maps/sp_a2_pull_the_rug.360.bsp': AssertionError('sprp v9\nassert 1 == 0\n  +1\n  -0'),[0m
[1m[31mE         +  'portal2/maps/sp_a2_ricochet.360.bsp': AssertionError('sprp v9\nassert 1 == 0\n  +1\n  -0'),[0m
[1m[31mE         +  'portal2/maps/sp_a2_sphere_peek.360.bsp': AssertionError('sprp v9\nassert 1 == 0\n  +1\n  -0'),[0m
[1m[31mE         +  'portal2/maps/sp_a2_triple_laser.360.bsp': AssertionError('sprp v9\nassert 1 == 0\n  +1\n  -0'),[0m
[1m[31mE         +  'portal2/maps/sp_a2_trust_fling.360.bsp': AssertionError('sprp v9\nassert 1 == 0\n  +1\n  -0'),[0m
[1m[31mE         +  'portal2/maps/sp_a2_turret_blocker.360.bsp': AssertionError('sprp v9\nassert 1 == 0\n  +1\n  -0'),[0m
[1m[31mE         +  'portal2/maps/sp_a2_turret_intro.360.bsp': AssertionError('sprp v9\nassert 1 == 0\n  +1\n  -0'),[0m
[1m[31mE         +  'portal2/maps/sp_a3_00.360.bsp': AssertionError('sprp v9\nassert 1 == 0\n  +1\n  -0'),[0m
[1m[31mE         +  'portal2/maps/sp_a3_01.360.bsp': AssertionError('sprp v9\nassert 1 == 0\n  +1\n  -0'),[0m
[1m[31mE         +  'portal2/maps/sp_a3_03.360.bsp': AssertionError('sprp v9\nassert 1 == 0\n  +1\n  -0'),[0m
[1m[31mE         +  'portal2/maps/sp_a3_bomb_flings.360.bsp': AssertionError('sprp v9\nassert 1 == 0\n  +1\n  -0'),[0m
[1m[31mE         +  'portal2/maps/sp_a3_crazy_box.360.bsp': AssertionError('sprp v9\nassert 1 == 0\n  +1\n  -0'),[0m
[1m[31mE         +  'portal2/maps/sp_a3_end.360.bsp': AssertionError('sprp v9\nassert 1 == 0\n  +1\n  -0'),[0m
[1m[31mE         +  'portal2/maps/sp_a3_jump_intro.360.bsp': AssertionError('sprp v9\nassert 1 == 0\n  +1\n  -0'),[0m
[1m[31mE         +  'portal2/maps/sp_a3_portal_intro.360.bsp': AssertionError('sprp v9\nassert 1 == 0\n  +1\n  -0'),[0m
[1m[31mE         +  'portal2/maps/sp_a3_speed_flings.360.bsp': AssertionError('sprp v9\nassert 1 == 0\n  +1\n  -0'),[0m
[1m[31mE         +  'portal2/maps/sp_a3_speed_ramp.360.bsp': AssertionError('sprp v9\nassert 1 == 0\n  +1\n  -0'),[0m
[1m[31mE         +  'portal2/maps/sp_a3_transition01.360.bsp': AssertionError('sprp v9\nassert 1 == 0\n  +1\n  -0'),[0m
[1m[31mE         +  'portal2/maps/sp_a4_finale1.360.bsp': AssertionError('sprp v9\nassert 1 == 0\n  +1\n  -0'),[0m
[1m[31mE         +  'portal2/maps/sp_a4_finale2.360.bsp': AssertionError('sprp v9\nassert 1 == 0\n  +1\n  -0'),[0m
[1m[31mE         +  'portal2/maps/sp_a4_finale3.360.bsp': AssertionError('sprp v9\nassert 1 == 0\n  +1\n  -0'),[0m
[1m[31mE         +  'portal2/maps/sp_a4_finale4.360.bsp': AssertionError('sprp v9\nassert 1 == 0\n  +1\n  -0'),[0m
[1m[31mE         +  'portal2/maps/sp_a4_intro.360.bsp': AssertionError('sprp v9\nassert 1 == 0\n  +1\n  -0'),[0m
[1m[31mE         +  'portal2/maps/sp_a4_jump_polarity.360.bsp': AssertionError('sprp v9\nassert 1 == 0\n  +1\n  -0'),[0m
[1m[31mE         +  'portal2/maps/sp_a4_laser_catapult.360.bsp': AssertionError('sprp v9\nassert 1 == 0\n  +1\n  -0'),[0m
[1m[31mE         +  'portal2/maps/sp_a4_laser_platform.360.bsp': AssertionError('sprp v9\nassert 1 == 0\n  +1\n  -0'),[0m
[1m[31mE         +  'portal2/maps/sp_a4_speed_tb_catch.360.bsp': AssertionError('sprp v9\nassert 1 == 0\n  +1\n  -0'),[0m
[1m[31mE         +  'portal2/maps/sp_a4_stop_the_box.360.bsp': AssertionError('sprp v9\nassert 1 == 0\n  +1\n  -0'),[0m
[1m[31mE         +  'portal2/maps/sp_a4_tb_catch.360.bsp': AssertionError('sprp v9\nassert 1 == 0\n  +1\n  -0'),[0m
[1m[31mE         +  'portal2/maps/sp_a4_tb_intro.360.bsp': AssertionError('sprp v9\nassert 1 == 0\n  +1\n  -0'),[0m
[1m[31mE         +  'portal2/maps/sp_a4_tb_polarity.360.bsp': AssertionError('sprp v9\nassert 1 == 0\n  +1\n  -0'),[0m
[1m[31mE         +  'portal2/maps/sp_a4_tb_trust_drop.360.bsp': AssertionError('sprp v9\nassert 1 == 0\n  +1\n  -0'),[0m
[1m[31mE         +  'portal2/maps/sp_a4_tb_wall_button.360.bsp': AssertionError('sprp v9\nassert 1 == 0\n  +1\n  -0'),[0m
[1m[31mE         +  'portal2/maps/sp_a5_credits.360.bsp': AssertionError('sprp v9\nassert 1 == 0\n  +1\n  -0'),[0m
[1m[31mE           }[0m

[1m[31mtests\test_bsp.py[0m:100: AssertionError
[33m============================== warnings summary ===============================[0m
tests/branches/test_branch_scripts.py::test_basic_branch_script[bsp_tool.branches.id_software.quake]
  C:\Users\Jared\Documents\GitHub\bsp_tool\tests\branches\test_branch_scripts.py:81: UserWarning: Unused LumpClasses in branch script:
  MipTexture
    warnings.warn(UserWarning(warning_text))

tests/branches/test_branch_scripts.py::test_basic_branch_script[bsp_tool.branches.infinity_ward.call_of_duty1]
  C:\Users\Jared\Documents\GitHub\bsp_tool\tests\branches\test_branch_scripts.py:81: UserWarning: Unused LumpClasses in branch script:
  Brush
  Occluder
  PatchCollision
  Node
  Model
  Light
  Portal
  AxisAlignedBoundingBox
  Cell
  DrawVertex
  CullGroup
    warnings.warn(UserWarning(warning_text))

tests/branches/test_branch_scripts.py::test_basic_branch_script[bsp_tool.branches.infinity_ward.call_of_duty2]
  C:\Users\Jared\Documents\GitHub\bsp_tool\tests\branches\test_branch_scripts.py:81: UserWarning: Unused LumpClasses in branch script:
  Model
  CollisionTriangle
  CollisionEdge
    warnings.warn(UserWarning(warning_text))

tests/branches/test_branch_scripts.py::test_branch_script[bsp_tool.branches.arkane.dark_messiah_sp]
  C:\Users\Jared\Documents\GitHub\bsp_tool\tests\branches\test_branch_scripts.py:123: UserWarning: Unused LumpClasses in branch script:
  Model
  TextureInfo
    warnings.warn(UserWarning(warning_text))

tests/branches/test_branch_scripts.py::test_branch_script[bsp_tool.branches.respawn.titanfall]
  C:\Users\Jared\Documents\GitHub\bsp_tool\tests\branches\test_branch_scripts.py:123: UserWarning: Unused LumpClasses in branch script:
  Grid
    warnings.warn(UserWarning(warning_text))

tests/branches/test_branch_scripts.py::test_branch_script[bsp_tool.branches.respawn.titanfall_x360]
  C:\Users\Jared\Documents\GitHub\bsp_tool\tests\branches\test_branch_scripts.py:123: UserWarning: Unused LumpClasses in branch script:
  Grid_x360
    warnings.warn(UserWarning(warning_text))

-- Docs: https://docs.pytest.org/en/stable/warnings.html

---------- coverage: platform win32, python 3.9.13-final-0 -----------
Name                                                 Stmts   Miss  Cover
------------------------------------------------------------------------
bsp_tool\__init__.py                                    53      3    94%
bsp_tool\base.py                                        68     31    54%
bsp_tool\branches\__init__.py                           30      0   100%
bsp_tool\branches\arkane\__init__.py                     3      0   100%
bsp_tool\branches\arkane\dark_messiah_mp.py             16      0   100%
bsp_tool\branches\arkane\dark_messiah_sp.py             48      0   100%
bsp_tool\branches\base.py                              265     40    85%
bsp_tool\branches\gearbox\__init__.py                    3      0   100%
bsp_tool\branches\gearbox\blue_shift.py                 28      0   100%
bsp_tool\branches\gearbox\nightfire.py                  90      0   100%
bsp_tool\branches\id_software\__init__.py                6      0   100%
bsp_tool\branches\id_software\qfusion.py                89      6    93%
bsp_tool\branches\id_software\quake.py                 293     82    72%
bsp_tool\branches\id_software\quake2.py                135      3    98%
bsp_tool\branches\id_software\quake3.py                169     11    93%
bsp_tool\branches\id_software\remake_quake.py           25      0   100%
bsp_tool\branches\infinity_ward\__init__.py              4      0   100%
bsp_tool\branches\infinity_ward\call_of_duty1.py       147      6    96%
bsp_tool\branches\infinity_ward\call_of_duty2.py       133      1    99%
bsp_tool\branches\infinity_ward\modern_warfare.py       63      0   100%
bsp_tool\branches\ion_storm\__init__.py                  2      0   100%
bsp_tool\branches\ion_storm\daikatana.py                13      0   100%
bsp_tool\branches\loiste\__init__.py                     2      0   100%
bsp_tool\branches\loiste\infra.py                       80      0   100%
bsp_tool\branches\nexon\__init__.py                      4      0   100%
bsp_tool\branches\nexon\cso2.py                        109      6    94%
bsp_tool\branches\nexon\cso2_2018.py                    18      0   100%
bsp_tool\branches\nexon\vindictus.py                   237      9    96%
bsp_tool\branches\physics.py                           139     52    63%
bsp_tool\branches\py_struct_as_cpp.py                  171    171     0%
bsp_tool\branches\raven\__init__.py                      4      0   100%
bsp_tool\branches\raven\hexen2.py                       50      0   100%
bsp_tool\branches\raven\soldier_of_fortune.py           14      0   100%
bsp_tool\branches\raven\soldier_of_fortune2.py          32      0   100%
bsp_tool\branches\respawn\__init__.py                    5      0   100%
bsp_tool\branches\respawn\apex_legends.py              268     22    92%
bsp_tool\branches\respawn\titanfall.py                 606     99    84%
bsp_tool\branches\respawn\titanfall2.py                228      4    98%
bsp_tool\branches\respawn\titanfall_x360.py             52     17    67%
bsp_tool\branches\ritual\__init__.py                     5      0   100%
bsp_tool\branches\ritual\fakk2.py                       57      0   100%
bsp_tool\branches\ritual\moh_allied_assault.py          74      0   100%
bsp_tool\branches\ritual\sin.py                         14      0   100%
bsp_tool\branches\ritual\star_trek_elite_force2.py      72      0   100%
bsp_tool\branches\shared.py                             90     21    77%
bsp_tool\branches\troika\__init__.py                     2      0   100%
bsp_tool\branches\troika\vampire.py                     37      0   100%
bsp_tool\branches\valve\__init__.py                     11      2    82%
bsp_tool\branches\valve\alien_swarm.py                  81      0   100%
bsp_tool\branches\valve\goldsrc.py                      78      0   100%
bsp_tool\branches\valve\left4dead.py                   102      0   100%
bsp_tool\branches\valve\left4dead2.py                  105      0   100%
bsp_tool\branches\valve\orange_box.py                  131     10    92%
bsp_tool\branches\valve\orange_box_x360.py              73      0   100%
bsp_tool\branches\valve\sdk_2013.py                    125      0   100%
bsp_tool\branches\valve\sdk_2013_x360.py                25      0   100%
bsp_tool\branches\valve\source.py                      685    121    82%
bsp_tool\branches\vector.py                            190    129    32%
bsp_tool\branches\x360.py                               15      0   100%
bsp_tool\extensions\__init__.py                          0      0   100%
bsp_tool\extensions\archive.py                          70     70     0%
bsp_tool\extensions\decompile_rbsp.py                   64     64     0%
bsp_tool\extensions\decrypt_xor.py                      11     11     0%
bsp_tool\extensions\diff.py                            111    111     0%
bsp_tool\extensions\lightmaps.py                       191    191     0%
bsp_tool\extensions\mprt.py                             12     12     0%
bsp_tool\id_software.py                                117     15    87%
bsp_tool\infinity_ward.py                               69     10    86%
bsp_tool\lumps\__init__.py                             348     92    74%
bsp_tool\raven.py                                        3      0   100%
bsp_tool\respawn.py                                    253    138    45%
bsp_tool\ritual.py                                      45      3    93%
bsp_tool\valve.py                                      136     71    48%
------------------------------------------------------------------------
TOTAL                                                 7104   1634    77%

=========================== short test summary info ===========================
FAILED tests/test_bsp.py::test_load_bsp[D:/SteamLibrary/steamapps/common-Blade Symphony-map_dirs33]
FAILED tests/test_bsp.py::test_load_bsp[D:/SteamLibrary/steamapps/common-Counter-Strike Global Offensive-map_dirs34]
FAILED tests/test_bsp.py::test_load_bsp[D:/SteamLibrary/steamapps/common-SourceFilmmaker-map_dirs61]
FAILED tests/test_bsp.py::test_load_bsp[D:/SteamLibrary/steamapps/common-Team Fortress 2-map_dirs63]
FAILED tests/test_bsp.py::test_load_bsp[E:/Mod-BlackMesa-map_dirs94] - Assert...
FAILED tests/test_bsp.py::test_load_bsp[E:/Mod-Vindictus-map_dirs104] - Asser...
FAILED tests/test_bsp.py::test_load_bsp[E:/Mod/X360-Portal2-map_dirs124] - As...
[31m=========== [31m[1m7 failed[0m, [32m185 passed[0m, [33m6 warnings[0m[31m in 14706.41s (4:05:06)[0m[31m ===========[0m
