============================= test session starts =============================
platform win32 -- Python 3.9.9, pytest-6.2.4, py-1.10.0, pluggy-0.13.1 -- c:\users\jared\documents\github\bsp_tool\venv\scripts\python.exe
cachedir: .pytest_cache
rootdir: C:\Users\Jared\Documents\GitHub\bsp_tool
plugins: cov-2.12.1
collecting ... collected 161 items

tests/test_bsp.py::test_load_bsp[./-tests/maps-map_dirs0] PASSED         [  0%]
tests/test_bsp.py::test_load_bsp[C:/Program Files (x86)/Steam/steamapps/sourcemods-gesource-map_dirs1] PASSED [  1%]
tests/test_bsp.py::test_load_bsp[C:/Program Files (x86)/Steam/steamapps/sourcemods-half-life 2 riot act-map_dirs2] PASSED [  1%]
tests/test_bsp.py::test_load_bsp[C:/Program Files (x86)/Steam/steamapps/sourcemods-TFTS-map_dirs3] PASSED [  2%]
tests/test_bsp.py::test_load_bsp[C:/Program Files (x86)/Steam/steamapps/sourcemods-episodeone-map_dirs4] PASSED [  3%]
tests/test_bsp.py::test_load_bsp[C:/Program Files (x86)/Steam/steamapps/sourcemods-RunThinkShootLiveVille2-map_dirs5] PASSED [  3%]
tests/test_bsp.py::test_load_bsp[C:/Program Files (x86)/Steam/steamapps/sourcemods-cromulentville2-map_dirs6] PASSED [  4%]
tests/test_bsp.py::test_load_bsp[C:/Program Files (x86)/Steam/steamapps/sourcemods-companionpiece2-map_dirs7] PASSED [  4%]
tests/test_bsp.py::test_load_bsp[C:/Program Files (x86)/Steam/steamapps/sourcemods-eyecandy-map_dirs8] PASSED [  5%]
tests/test_bsp.py::test_load_bsp[C:/Program Files (x86)/Steam/steamapps/sourcemods-tworooms-map_dirs9] PASSED [  6%]
tests/test_bsp.py::test_load_bsp[C:/Program Files (x86)/Steam/steamapps/sourcemods-fusionville2-map_dirs10] PASSED [  6%]
tests/test_bsp.py::test_load_bsp[C:/Program Files (x86)/Steam/steamapps/sourcemods-tunetwo-map_dirs11] PASSED [  7%]
tests/test_bsp.py::test_load_bsp[C:/Program Files (x86)/Steam/steamapps/sourcemods-lvl2-map_dirs12] PASSED [  8%]
tests/test_bsp.py::test_load_bsp[C:/Program Files (x86)/Steam/steamapps/sourcemods-thewrapuptwo-map_dirs13] PASSED [  8%]
tests/test_bsp.py::test_load_bsp[C:/Program Files (x86)/Steam/steamapps/sourcemods-halloweenhorror4-map_dirs14] PASSED [  9%]
tests/test_bsp.py::test_load_bsp[C:/Program Files (x86)/Steam/steamapps/sourcemods-halflifeeternal-map_dirs15] PASSED [  9%]
tests/test_bsp.py::test_load_bsp[D:/SteamLibrary/steamapps/common-Cry of Fear-map_dirs16] PASSED [ 10%]
tests/test_bsp.py::test_load_bsp[D:/SteamLibrary/steamapps/common-Half-Life/cstrike-map_dirs17] PASSED [ 11%]
tests/test_bsp.py::test_load_bsp[D:/SteamLibrary/steamapps/common-Half-Life/czero-map_dirs18] PASSED [ 11%]
tests/test_bsp.py::test_load_bsp[D:/SteamLibrary/steamapps/common-Half-Life/czeror-map_dirs19] PASSED [ 12%]
tests/test_bsp.py::test_load_bsp[D:/SteamLibrary/steamapps/common-Half-Life/dmc-map_dirs20] PASSED [ 13%]
tests/test_bsp.py::test_load_bsp[D:/SteamLibrary/steamapps/common-Half-Life/dod-map_dirs21] PASSED [ 13%]
tests/test_bsp.py::test_load_bsp[D:/SteamLibrary/steamapps/common-Half-Life/gearbox-map_dirs22] PASSED [ 14%]
tests/test_bsp.py::test_load_bsp[D:/SteamLibrary/steamapps/common-Half-Life/ns-map_dirs23] PASSED [ 14%]
tests/test_bsp.py::test_load_bsp[D:/SteamLibrary/steamapps/common-Half-Life/ricochet-map_dirs24] PASSED [ 15%]
tests/test_bsp.py::test_load_bsp[D:/SteamLibrary/steamapps/common-Half-Life/tfc-map_dirs25] PASSED [ 16%]
tests/test_bsp.py::test_load_bsp[D:/SteamLibrary/steamapps/common-Half-Life/valve-map_dirs26] PASSED [ 16%]
tests/test_bsp.py::test_load_bsp[D:/SteamLibrary/steamapps/common-Halfquake Trilogy-map_dirs27] PASSED [ 17%]
tests/test_bsp.py::test_load_bsp[D:/SteamLibrary/steamapps/common-Sven Co-op-map_dirs28] PASSED [ 18%]
tests/test_bsp.py::test_load_bsp[D:/SteamLibrary/steamapps/common-Alien Swarm-map_dirs29] PASSED [ 18%]
tests/test_bsp.py::test_load_bsp[D:/SteamLibrary/steamapps/common-Alien Swarm Reactive Drop-map_dirs30] PASSED [ 19%]
tests/test_bsp.py::test_load_bsp[D:/SteamLibrary/steamapps/common-Blade Symphony-map_dirs31] PASSED [ 19%]
tests/test_bsp.py::test_load_bsp[D:/SteamLibrary/steamapps/common-Counter-Strike Global Offensive-map_dirs32] PASSED [ 20%]
tests/test_bsp.py::test_load_bsp[D:/SteamLibrary/steamapps/common-counter-strike source-map_dirs33] PASSED [ 21%]
tests/test_bsp.py::test_load_bsp[D:/SteamLibrary/steamapps/common-day of defeat source-map_dirs34] PASSED [ 21%]
tests/test_bsp.py::test_load_bsp[D:/SteamLibrary/steamapps/common-Double Action-map_dirs35] PASSED [ 22%]
tests/test_bsp.py::test_load_bsp[D:/SteamLibrary/steamapps/common-Fistful of Frags-map_dirs36] PASSED [ 22%]
tests/test_bsp.py::test_load_bsp[D:/SteamLibrary/steamapps/common-Fortress Forever-map_dirs37] PASSED [ 23%]
tests/test_bsp.py::test_load_bsp[D:/SteamLibrary/steamapps/common-G String-map_dirs38] PASSED [ 24%]
tests/test_bsp.py::test_load_bsp[D:/SteamLibrary/steamapps/common-GarrysMod-map_dirs39] PASSED [ 24%]
tests/test_bsp.py::test_load_bsp[D:/SteamLibrary/steamapps/common-Half-Life 1 Source Deathmatch-map_dirs40] PASSED [ 25%]
tests/test_bsp.py::test_load_bsp[D:/SteamLibrary/steamapps/common-half-life 2/ep2-map_dirs41] PASSED [ 26%]
tests/test_bsp.py::test_load_bsp[D:/SteamLibrary/steamapps/common-half-life 2/episodic-map_dirs42] PASSED [ 26%]
tests/test_bsp.py::test_load_bsp[D:/SteamLibrary/steamapps/common-half-life 2/hl1-map_dirs43] PASSED [ 27%]
tests/test_bsp.py::test_load_bsp[D:/SteamLibrary/steamapps/common-half-life 2/hl2-map_dirs44] PASSED [ 27%]
tests/test_bsp.py::test_load_bsp[D:/SteamLibrary/steamapps/common-half-life 2/lostcoast-map_dirs45] PASSED [ 28%]
tests/test_bsp.py::test_load_bsp[D:/SteamLibrary/steamapps/common-half-life 2 deathmatch-map_dirs46] PASSED [ 29%]
tests/test_bsp.py::test_load_bsp[D:/SteamLibrary/steamapps/common-Half-Life 2 Update-map_dirs47] PASSED [ 29%]
tests/test_bsp.py::test_load_bsp[D:/SteamLibrary/steamapps/common-left 4 dead-map_dirs48] PASSED [ 30%]
tests/test_bsp.py::test_load_bsp[D:/SteamLibrary/steamapps/common-Left 4 Dead 2-map_dirs49] PASSED [ 31%]
tests/test_bsp.py::test_load_bsp[D:/SteamLibrary/steamapps/common-MINERVA-map_dirs50] PASSED [ 31%]
tests/test_bsp.py::test_load_bsp[D:/SteamLibrary/steamapps/common-NEOTOKYO-map_dirs51] PASSED [ 32%]
tests/test_bsp.py::test_load_bsp[D:/SteamLibrary/steamapps/common-nmrih-map_dirs52] PASSED [ 32%]
tests/test_bsp.py::test_load_bsp[D:/SteamLibrary/steamapps/common-Portal-map_dirs53] PASSED [ 33%]
tests/test_bsp.py::test_load_bsp[D:/SteamLibrary/steamapps/common-Portal 2-map_dirs54] PASSED [ 34%]
tests/test_bsp.py::test_load_bsp[D:/SteamLibrary/steamapps/common-Portal Reloaded-map_dirs55] PASSED [ 34%]
tests/test_bsp.py::test_load_bsp[D:/SteamLibrary/steamapps/common-SourceFilmmaker-map_dirs56] PASSED [ 35%]
tests/test_bsp.py::test_load_bsp[D:/SteamLibrary/steamapps/common-Synergy-map_dirs57] PASSED [ 36%]
tests/test_bsp.py::test_load_bsp[D:/SteamLibrary/steamapps/common-Team Fortress 2-map_dirs58] PASSED [ 36%]
tests/test_bsp.py::test_load_bsp[D:/SteamLibrary/steamapps/common-Transmissions Element 120-map_dirs59] PASSED [ 37%]
tests/test_bsp.py::test_load_bsp[D:/SteamLibrary/steamapps/common-Vampire The Masquerade - Bloodlines-map_dirs60] PASSED [ 37%]
tests/test_bsp.py::test_load_bsp[E:/Mod-Anachronox-map_dirs61] PASSED    [ 38%]
tests/test_bsp.py::test_load_bsp[E:/Mod-Daikatana-map_dirs62] PASSED     [ 39%]
tests/test_bsp.py::test_load_bsp[E:/Mod-HereticII-map_dirs63] PASSED     [ 39%]
tests/test_bsp.py::test_load_bsp[E:/Mod-Hexen2-map_dirs64] PASSED        [ 40%]
tests/test_bsp.py::test_load_bsp[E:/Mod-RTCW-map_dirs65] PASSED          [ 40%]
tests/test_bsp.py::test_load_bsp[E:/Mod-SiN-map_dirs66] PASSED           [ 41%]
tests/test_bsp.py::test_load_bsp[E:/Mod-SoF-map_dirs67] PASSED           [ 42%]
tests/test_bsp.py::test_load_bsp[E:/Mod-SoF2-map_dirs68] PASSED          [ 42%]
tests/test_bsp.py::test_load_bsp[E:/Mod-StarTrekEliteForce-map_dirs69] PASSED [ 43%]
tests/test_bsp.py::test_load_bsp[E:/Mod-Quake-map_dirs70] FAILED         [ 44%]
tests/test_bsp.py::test_load_bsp[E:/Mod-QuakeII-map_dirs71] PASSED       [ 44%]
tests/test_bsp.py::test_load_bsp[E:/Mod-QuakeIII-map_dirs72] PASSED      [ 45%]
tests/test_bsp.py::test_load_bsp[E:/Mod-QuakeLive-map_dirs73] PASSED     [ 45%]
tests/test_bsp.py::test_load_bsp[E:/Mod-Warsow-map_dirs74] FAILED        [ 46%]
tests/test_bsp.py::test_load_bsp[E:/Mod-WolfET-map_dirs75] PASSED        [ 47%]
tests/test_bsp.py::test_load_bsp[E:/Mod-CoD1-map_dirs76] PASSED          [ 47%]
tests/test_bsp.py::test_load_bsp[E:/Mod-CoD2-map_dirs77] PASSED          [ 48%]
tests/test_bsp.py::test_load_bsp[E:/Mod-CoD4-map_dirs78] PASSED          [ 49%]
tests/test_bsp.py::test_load_bsp[E:/Mod-Nightfire-map_dirs79] PASSED     [ 49%]
tests/test_bsp.py::test_load_bsp[E:/Mod-BlackMesa-map_dirs80] PASSED     [ 50%]
tests/test_bsp.py::test_load_bsp[E:/Mod-CSMalvinas-map_dirs81] PASSED    [ 50%]
tests/test_bsp.py::test_load_bsp[E:/Mod-CSO2-map_dirs82] FAILED          [ 51%]
tests/test_bsp.py::test_load_bsp[E:/Mod-DarkMessiah/singleplayer-map_dirs83] FAILED [ 52%]
tests/test_bsp.py::test_load_bsp[E:/Mod-DarkMessiah/multiplayer-map_dirs84] FAILED [ 52%]
tests/test_bsp.py::test_load_bsp[E:/Mod-Infra-map_dirs85] PASSED         [ 53%]
tests/test_bsp.py::test_load_bsp[E:/Mod-TacticalIntervention-map_dirs86] PASSED [ 54%]
tests/test_bsp.py::test_load_bsp[E:/Mod-TeamFortressQuake-map_dirs87] PASSED [ 54%]
tests/test_bsp.py::test_load_bsp[E:/Mod-Vindictus-map_dirs88] FAILED     [ 55%]
tests/test_bsp.py::test_load_bsp[E:/Mod-Titanfall-map_dirs89] PASSED     [ 55%]
tests/test_bsp.py::test_load_bsp[E:/Mod-TitanfallOnline-map_dirs90] PASSED [ 56%]
tests/test_bsp.py::test_load_bsp[E:/Mod-Titanfall2-map_dirs91] PASSED    [ 57%]
tests/test_bsp.py::test_load_bsp[E:/Mod-ApexLegends-map_dirs92] 